Iteration	Posterior	Likelihood	Prior	rate_log_sd	rate_neo	tree_length
0	-8206.37	-8459.265	252.8949	0.7997116	0.5945608	6.291377
6	-8199.418	-8451.871	252.4529	0.8723667	0.7198506	6.399024
12	-8192.213	-8443.52	251.3065	0.7251295	0.6202804	7.169637
18	-8207.053	-8458.471	251.418	0.7390996	0.536282	7.169637
24	-8214.551	-8466.252	251.7004	0.8304202	0.6004804	6.916267
30	-8223.501	-8475.325	251.8237	0.8201647	0.526214	6.916267
36	-8223.604	-8475.371	251.7665	0.7742681	0.6728767	6.856525
42	-8209.852	-8461.163	251.311	0.8237237	0.5997979	7.130059
48	-8210.702	-8463.101	252.3989	0.826531	0.6204582	6.52557
54	-8196.392	-8447.133	250.7408	0.826531	0.6376939	7.405744
60	-8198.605	-8450.398	251.7926	0.826531	0.579593	6.885228
66	-8200.805	-8453.219	252.4133	0.8006938	0.6809718	6.486802
72	-8209.404	-8461.831	252.4272	0.8704138	0.5946587	6.506603
78	-8199.404	-8451.417	252.0134	0.8479361	0.541363	6.786061
84	-8202.137	-8454.412	252.2749	0.813486	0.541363	6.663445
90	-8202.829	-8454.287	251.4582	0.7764234	0.5184829	7.143237
96	-8199.367	-8450.675	251.308	0.7476761	0.6381514	7.143237
102	-8208.653	-8459.818	251.1649	0.7792327	0.6381514	7.203171
108	-8210.54	-8462.767	252.227	0.7800184	0.5675325	6.685636
114	-8210.885	-8463.84	252.9548	0.8761323	0.5565468	6.248215
120	-8208.27	-8459.918	251.6483	0.8171098	0.5400584	7.000613
126	-8219.219	-8471.458	252.2382	0.8158238	0.551061	6.673835
132	-8218.56	-8470.718	252.158	0.7615125	0.6432107	6.673835
138	-8226.345	-8477.9	251.5551	0.8713443	0.5774065	6.990822
144	-8219.024	-8470.965	251.9412	0.8426725	0.5702739	6.803904
150	-8206.621	-8458.25	251.6295	0.8002671	0.5520967	7.00971
156	-8215.394	-8466.453	251.0594	0.8145388	0.5653665	7.297638
162	-8198.832	-8450.698	251.8665	0.8062191	0.6474806	6.803894
168	-8199.846	-8451.293	251.4475	0.7487332	0.6232744	7.078843
174	-8202.464	-8452.049	249.5845	0.746388	0.6622307	8.048782
180	-8208.305	-8459.898	251.5932	0.7304255	0.5792544	7.044686
186	-8215.663	-8466.008	250.345	0.722251	0.5278934	7.760835
192	-8218.082	-8468.443	250.3609	0.7066826	0.7149895	7.618173
198	-8224.996	-8474.941	249.9449	0.646927	0.6205084	7.940454
204	-8221.518	-8472.019	250.5009	0.7017885	0.620994	7.61368
210	-8211.371	-8461.838	250.467	0.7797405	0.5904365	7.61368
216	-8205.504	-8456.013	250.5088	0.7379611	0.5904365	7.61368
222	-8203.487	-8455.277	251.7897	0.7835553	0.5952304	6.897525
228	-8204.76	-8455.91	251.1503	0.7500304	0.575625	7.275177
234	-8218.885	-8469.593	250.7087	0.7024395	0.6077846	7.512183
240	-8206.868	-8457.443	250.5757	0.7496945	0.5741272	7.584594
246	-8207.611	-8460.185	252.5742	0.8220877	0.5741272	6.469611
252	-8207.426	-8459.946	252.5192	0.8527099	0.6004279	6.461771
258	-8214.407	-8466.997	252.59	0.9194064	0.7042803	6.309949
264	-8216.726	-8468.544	251.818	0.9492643	0.5735647	6.810236
270	-8211.801	-8463.444	251.6428	0.8858901	0.6283516	6.895961
276	-8214.091	-8465.91	251.8181	0.8695108	0.5223934	6.895961
282	-8205.454	-8456.053	250.599	0.6958557	0.6118092	7.571321
288	-8207.11	-8458.839	251.7297	0.7468173	0.5308518	7.002433
294	-8206.43	-8459.411	252.9811	0.8669969	0.5705007	6.227369
300	-8208.042	-8460.967	252.9248	0.8558989	0.6164562	6.227369
306	-8203.351	-8454.11	250.7592	0.7949144	0.5721736	7.463621
312	-8207.451	-8460.247	252.7959	0.8513668	0.5420249	6.360155
318	-8204.298	-8457.216	252.9181	0.8706341	0.5420249	6.283372
324	-8203.034	-8455.988	252.9536	0.8804852	0.5885677	6.220325
330	-8209.393	-8462.385	252.9916	0.8424753	0.5885677	6.220325
336	-8216.518	-8468.834	252.3161	0.8424753	0.5885677	6.586689
342	-8204.85	-8456.748	251.8976	0.8312312	0.5764406	6.828598
348	-8212.086	-8462.782	250.6969	0.7685718	0.5510978	7.528356
354	-8222.182	-8472.298	250.1165	0.7552877	0.5380754	7.856638
360	-8216.75	-8468.203	251.4531	0.7847723	0.655808	7.032155
366	-8213.687	-8466.226	252.5395	0.8377919	0.5498592	6.499944
372	-8214.9	-8465.737	250.8372	0.747352	0.5682844	7.450447
378	-8208.303	-8458.575	250.2717	0.7848706	0.6351996	7.681139
384	-8205.623	-8456.028	250.4052	0.7110817	0.5331718	7.730141
390	-8203.438	-8456.964	253.526	0.7988935	0.5730058	5.965614
396	-8197.735	-8450.2	252.4651	0.9117232	0.6339816	6.433195
402	-8214.559	-8465.925	251.3668	0.7879175	0.5679327	7.144677
408	-8206.943	-8457.334	250.3919	0.7247746	0.5859346	7.686807
414	-8198.042	-8449.62	251.5774	0.7119566	0.5859346	7.057817
420	-8216.793	-8468.887	252.0941	0.7064266	0.5593004	6.803902
426	-8218.884	-8469.871	250.9862	0.7074642	0.6423246	7.334534
432	-8207.286	-8459.023	251.7366	0.7442289	0.6457537	6.908714
438	-8212.093	-8464.887	252.7939	0.8700155	0.6888011	6.237032
444	-8219.812	-8472.6	252.7886	0.8967117	0.6301724	6.268662
450	-8208.736	-8461.631	252.8956	0.8478037	0.5897966	6.268662
456	-8204.245	-8456.923	252.6785	0.8219296	0.6714764	6.338312
462	-8206.961	-8458.688	251.7264	0.8393898	0.5660598	6.924968
468	-8211.887	-8463.529	251.6418	0.782489	0.6129932	6.963957
474	-8212.322	-8464.084	251.7622	0.73588	0.5630144	6.963957
480	-8207.058	-8458.583	251.5244	0.8243455	0.6674489	6.963957
486	-8201.653	-8454.478	252.8251	0.8510797	0.6762136	6.239424
492	-8206.726	-8458.596	251.8705	0.8201645	0.6549639	6.788684
498	-8204.946	-8456.58	251.6336	0.8183803	0.6756974	6.902324
504	-8211.471	-8463.132	251.6611	0.8317411	0.6456037	6.902324
510	-8221.192	-8471.932	250.7395	0.8656498	0.5747819	7.434186
516	-8208.024	-8459.772	251.7474	0.8428841	0.6476754	6.848223
522	-8203.166	-8454.652	251.4859	0.8428841	0.5512014	7.064835
528	-8199.526	-8450.841	251.3145	0.8110609	0.5994988	7.135194
534	-8202.8	-8454.182	251.3826	0.7429937	0.5994988	7.135194
540	-8203.038	-8455.119	252.0808	0.8256421	0.5352726	6.766886
546	-8204.621	-8456.776	252.1547	0.7875032	0.5617489	6.725437
552	-8207.509	-8457.682	250.1727	0.7279542	0.6349722	7.764637
558	-8212.739	-8462.41	249.6715	0.6887211	0.5124613	8.151319
564	-8211.97	-8463.379	251.4086	0.7021813	0.5212977	7.207343
570	-8204.928	-8455.283	250.355	0.6897985	0.5831409	7.727467
576	-8202.674	-8454.332	251.6584	0.7785137	0.5847624	6.979318
582	-8216.36	-8469.814	253.454	0.9389727	0.5606777	5.938622
588	-8221.85	-8473.433	251.5828	0.8411039	0.6845416	6.911142
594	-8209.419	-8463.821	254.4023	0.9546757	0.7888048	5.240836
600	-8210.645	-8464.312	253.6671	0.921539	0.7888048	5.663846
606	-8210.566	-8462.541	251.9755	0.866087	0.5095017	6.824184
612	-8211.12	-8463.579	252.4594	0.820163	0.6226023	6.494606
618	-8207.114	-8459.816	252.7019	0.905257	0.617467	6.320875
624	-8210.894	-8463.803	252.9083	0.8866844	0.6694077	6.179759
630	-8210.864	-8462.063	251.1995	0.7852178	0.5738834	7.231234
636	-8212.142	-8464.142	252.0002	0.8212989	0.505959	6.838159
642	-8191.844	-8443.367	251.5223	0.7275421	0.6139183	7.057167
648	-8207.445	-8458.348	250.9034	0.7973375	0.6139183	7.352205
654	-8206.093	-8457.929	251.836	0.7885147	0.6927006	6.797124
660	-8204.704	-8456.679	251.9756	0.7885147	0.5920444	6.797124
666	-8204.936	-8456.185	251.2492	0.7528461	0.6202352	7.185594
672	-8205.656	-8456.884	251.2281	0.7992015	0.6202352	7.172001
678	-8209.25	-8460.583	251.3329	0.7744672	0.5656631	7.172001
684	-8210.289	-8461.934	251.6451	0.7878917	0.5656631	6.996848
690	-8203.67	-8455.407	251.7374	0.7513772	0.681831	6.878094
696	-8205.464	-8456.844	251.3803	0.734357	0.7013476	7.065808
702	-8202.695	-8454.539	251.8435	0.7899149	0.5394864	6.910587
708	-8211.098	-8460.557	249.4592	0.7113548	0.631494	8.156759
714	-8200.909	-8451.476	250.5671	0.7390797	0.5731789	7.595605
720	-8206.72	-8458.241	251.5206	0.7571721	0.683267	6.990784
726	-8206.632	-8457.989	251.3579	0.7799151	0.683267	7.066138
732	-8208.917	-8460.192	251.2746	0.7799151	0.6664578	7.122984
738	-8198.789	-8449.133	250.3438	0.7626079	0.6036564	7.678461
744	-8202.937	-8453.483	250.546	0.7062559	0.6082178	7.596894
750	-8195.832	-8447.735	251.9035	0.8473839	0.6348142	6.771202
756	-8201.169	-8453.654	252.4845	0.8310442	0.5746275	6.512949
762	-8212.115	-8463.972	251.8562	0.7865929	0.5969871	6.85864
768	-8201.446	-8452.573	251.1271	0.7669078	0.6349683	7.232499
774	-8201.987	-8452.441	250.4542	0.7444622	0.614408	7.620834
780	-8204.873	-8455.579	250.706	0.7341083	0.5616529	7.533269
786	-8210.057	-8462.045	251.9879	0.7782522	0.5973006	6.791852
792	-8207.894	-8459.968	252.0733	0.7766205	0.6095862	6.737052
798	-8208.467	-8459.93	251.4621	0.7613258	0.6511803	7.043288
804	-8210.461	-8461.353	250.8911	0.7549125	0.5607175	7.423699
810	-8208.897	-8460.529	251.6321	0.7285875	0.6179478	6.994402
816	-8220.555	-8472.263	251.7076	0.7506512	0.5520623	6.994402
822	-8220.969	-8472.593	251.6236	0.8503865	0.5520623	6.985961
828	-8210.127	-8460.526	250.3989	0.7011302	0.6420221	7.652815
834	-8206.335	-8456.231	249.8959	0.7011302	0.5259884	8.013508
840	-8202.897	-8454.295	251.3972	0.8008079	0.5582974	7.129309
846	-8201.789	-8453.797	252.0081	0.777133	0.6727276	6.724673
852	-8203.713	-8454.309	250.5965	0.7764667	0.6965802	7.467418
858	-8211.302	-8462.221	250.9195	0.7231683	0.688613	7.328367
864	-8196.905	-8447.544	250.6393	0.7276294	0.5762794	7.560633
870	-8207.645	-8457.89	250.2446	0.7763923	0.6573643	7.683836
876	-8213.22	-8462.106	248.8862	0.6844971	0.5717105	8.522004
882	-8213.857	-8463.542	249.685	0.6495295	0.54154	8.140335
888	-8210.574	-8460.735	250.1605	0.6526926	0.5970028	7.840354
894	-8208.022	-8459.017	250.9952	0.7808081	0.5970028	7.324951
900	-8201.478	-8453.052	251.5737	0.7157585	0.6707293	6.993488
906	-8197.011	-8448.311	251.3001	0.711227	0.564571	7.224493
912	-8193.938	-8444.863	250.9258	0.711227	0.6229874	7.379433
918	-8199.557	-8450.514	250.9573	0.7729171	0.5595864	7.379433
924	-8207.594	-8459.336	251.7416	0.8182751	0.6241981	6.882298
930	-8206.59	-8459.051	252.4615	0.8344659	0.516718	6.572325
936	-8204.696	-8456.991	252.2956	0.8168529	0.5680402	6.62821
942	-8205.266	-8456.578	251.312	0.7752723	0.6293895	7.132814
948	-8199.517	-8449.818	250.3016	0.7560125	0.5986318	7.708467
954	-8203.001	-8455.959	252.9581	0.9001476	0.5986318	6.199191
960	-8197.044	-8449.978	252.9343	0.8153154	0.6100626	6.249275
966	-8204.937	-8458.138	253.2012	0.8767925	0.4649733	6.195142
972	-8211.597	-8464.333	252.7355	0.8745612	0.4793453	6.43579
978	-8213.135	-8464.675	251.5393	0.8039372	0.6822116	6.956276
984	-8203.898	-8455.563	251.665	0.8039372	0.5880572	6.959452
990	-8208.644	-8460.154	251.5108	0.7612042	0.6348323	7.029355
996	-8213.095	-8465.251	252.1555	0.7581616	0.4451055	6.844697
1002	-8205.885	-8458.129	252.2436	0.7942702	0.5552972	6.679032
1008	-8200.412	-8453.294	252.8819	0.8392274	0.6169026	6.259396
1014	-8208.817	-8459.363	250.5461	0.7400628	0.5109176	7.658384
1020	-8215.783	-8465.26	249.4772	0.7288534	0.6312198	8.138052
1026	-8217.422	-8467.085	249.6632	0.7066132	0.521934	8.138052
1032	-8210.432	-8460.296	249.8638	0.7881128	0.6658867	7.874887
1038	-8206.963	-8456.617	249.654	0.6754555	0.5932216	8.101322
1044	-8207.129	-8456.61	249.4817	0.6600839	0.6225883	8.178767
1050	-8220.126	-8470.234	250.1084	0.7474468	0.5207966	7.87984
1056	-8219.226	-8470.14	250.9138	0.7513971	0.5593964	7.414472
1062	-8221.989	-8473.035	251.046	0.7896175	0.5258314	7.351199
1068	-8217.452	-8468.01	250.5574	0.7641006	0.6495873	7.528694
1074	-8210.942	-8462.771	251.8288	0.8268117	0.6272594	6.828326
1080	-8215.169	-8467.079	251.9104	0.7963276	0.5916967	6.828326
1086	-8215.942	-8467.671	251.7291	0.7959212	0.5818903	6.934125
1092	-8209.444	-8461.25	251.8061	0.7374898	0.5695236	6.934125
1098	-8225.825	-8477.853	252.0281	0.7374898	0.5269768	6.849988
1104	-8213.343	-8464.519	251.1758	0.750209	0.5460011	7.28563
1110	-8209.411	-8459.669	250.2577	0.8193841	0.5666402	7.723452
1116	-8205.82	-8457.586	251.7661	0.7687527	0.5908918	6.921683
1122	-8207.569	-8460.368	252.7987	0.8335489	0.6341706	6.294449
1128	-8215.691	-8467.681	251.9899	0.8705638	0.5834223	6.751967
1134	-8200.634	-8453.224	252.5903	0.7984202	0.6155774	6.440857
1140	-8204.2	-8457.083	252.8833	0.8524991	0.6460219	6.229251
1146	-8197.14	-8450.102	252.9621	0.8903063	0.565353	6.229251
1152	-8200.788	-8452.868	252.0806	0.8517411	0.58578	6.711261
1158	-8208.492	-8461.135	252.6434	0.8597169	0.5568648	6.425905
1164	-8206.925	-8458.652	251.7273	0.8285981	0.523301	6.966178
1170	-8202.763	-8454.99	252.2271	0.8007126	0.5537257	6.685806
1176	-8207.441	-8459.06	251.6193	0.7731947	0.5830898	7.004575
1182	-8207.124	-8457.76	250.6363	0.7764006	0.6060081	7.512695
1188	-8212.79	-8462.87	250.08	0.7852174	0.4612358	7.928103
1194	-8206.657	-8456.778	250.1214	0.7437586	0.4612358	7.928103
1200	-8208.392	-8460.306	251.9132	0.8072511	0.5606984	6.845954
1206	-8213.894	-8464.619	250.7246	0.8715738	0.5453693	7.463044
1212	-8208.491	-8460.26	251.7692	0.7709315	0.6390633	6.881719
1218	-8207.097	-8458.811	251.7138	0.8163013	0.6462733	6.881719
1224	-8210.396	-8461.901	251.505	0.8209528	0.5020509	7.108503
1230	-8204.776	-8455.913	251.1366	0.79274	0.5932387	7.245541
1236	-8208.405	-8458.676	250.2704	0.8053411	0.6178452	7.683991
1242	-8199.914	-8452.12	252.2064	0.8665998	0.598094	6.625462
1248	-8191.177	-8444.243	253.0653	0.8627579	0.5160691	6.230051
1254	-8194.57	-8445.581	251.0114	0.8252352	0.7013614	7.215278
1260	-8198.516	-8448.467	249.951	0.7424513	0.610805	7.893599
1266	-8196.476	-8446.275	249.7984	0.6976772	0.6625747	7.9604
1272	-8196.604	-8448.016	251.4124	0.7265106	0.6062209	7.122813
1278	-8188.245	-8441.056	252.8119	0.8340674	0.592472	6.319415
1284	-8193.24	-8444.652	251.4115	0.8236041	0.6800433	7.016074
1290	-8200.577	-8452.54	251.9627	0.7634052	0.5886923	6.820256
1296	-8206.003	-8456.963	250.9595	0.761634	0.5626344	7.381831
1302	-8202.903	-8454.777	251.8734	0.876209	0.6594827	6.753535
1308	-8210.443	-8463.64	253.1975	0.8414464	0.6665375	6.049001
1314	-8213.323	-8466.293	252.9691	0.9151835	0.6766095	6.125922
1320	-8205.838	-8458.692	252.8541	0.8386846	0.5835337	6.301157
1326	-8205.457	-8455.861	250.4047	0.7492557	0.5224292	7.719149
1332	-8209.441	-8460.636	251.1957	0.7599288	0.5882214	7.235387
1338	-8210.806	-8462.315	251.5088	0.7599288	0.5673111	7.083904
1344	-8217.778	-8468.754	250.9754	0.7927187	0.6374233	7.298269
1350	-8212.15	-8463.49	251.3403	0.7714917	0.6277318	7.120908
1356	-8217.643	-8469.756	252.1133	0.8243129	0.6277318	6.675714
1362	-8215.807	-8467.472	251.6654	0.7571454	0.6101011	6.967136
1368	-8212.633	-8464.02	251.387	0.7571454	0.6400524	7.094206
1374	-8210.563	-8462.148	251.5853	0.8318386	0.4639441	7.094206
1380	-8207.338	-8458.277	250.9392	0.7675162	0.5749779	7.379567
1386	-8216.22	-8467.91	251.69	0.8243824	0.5749779	6.945401
1392	-8200.409	-8452.721	252.3115	0.8018408	0.5678852	6.627877
1398	-8208.856	-8460.388	251.5316	0.8018408	0.6479112	6.9865
1404	-8201.728	-8453.792	252.0637	0.8183106	0.5343782	6.780812
1410	-8199.118	-8451.679	252.561	0.8167185	0.5685582	6.484215
1416	-8202.884	-8455.157	252.2722	0.8446363	0.7696282	6.478439
1422	-8212.158	-8464.744	252.5867	0.8167292	0.5051896	6.52433
1428	-8209.369	-8463.192	253.823	0.9120051	0.5453848	5.764524
1434	-8197.311	-8448.654	251.3429	0.7542722	0.6490228	7.112816
1440	-8206.748	-8458.084	251.3357	0.8197264	0.726512	7.026521
1446	-8198.298	-8450.321	252.0227	0.7718137	0.5818839	6.788794
1452	-8199.526	-8451.585	252.0587	0.8206134	0.5267469	6.788794
1458	-8202.796	-8455.418	252.6212	0.7940815	0.6530992	6.398049
1464	-8200.939	-8452.66	251.7209	0.7660168	0.6662171	6.890377
1470	-8200.699	-8453.1	252.4003	0.7938773	0.6851157	6.494541
1476	-8201.485	-8453.604	252.1198	0.7804724	0.6550076	6.67543
1482	-8223.699	-8474.554	250.8546	0.7804724	0.5564507	7.433033
1488	-8205.323	-8456.623	251.3001	0.7883615	0.6278092	7.13338
1494	-8223.148	-8475.164	252.0159	0.8376839	0.6824197	6.680777
1500	-8216.475	-8467.32	250.8449	0.7475428	0.6144826	7.40986
1506	-8219.68	-8470.371	250.6913	0.70154	0.5414799	7.575225
1512	-8218.692	-8469.518	250.8259	0.7028429	0.6364218	7.427406
1518	-8214.202	-8465.075	250.8733	0.7512703	0.5702975	7.427406
1524	-8201.976	-8452.913	250.9369	0.7051121	0.5588117	7.427406
1530	-8204.065	-8454.966	250.9016	0.7669145	0.5566029	7.41499
1536	-8215.396	-8466.611	251.2154	0.7996135	0.6632781	7.146545
1542	-8209.818	-8461.009	251.1902	0.8385645	0.543481	7.232566
1548	-8215.719	-8468.722	253.0029	0.8385645	0.4877102	6.302537
1554	-8214.149	-8466.547	252.3982	0.8385645	0.448454	6.667008
1560	-8212.902	-8464.969	252.0675	0.7801931	0.5563648	6.780901
1566	-8221.227	-8472.965	251.7383	0.8267829	0.658407	6.853926
1572	-8217.557	-8469.261	251.7039	0.8267829	0.6010723	6.915911
1578	-8212.921	-8463.484	250.5628	0.7782608	0.6880161	7.4905
1584	-8209.237	-8459.139	249.9023	0.7365661	0.5558821	7.966218
1590	-8210.511	-8462.17	251.659	0.7365661	0.7020203	6.914098
1596	-8213.198	-8463.838	250.6396	0.6595046	0.7050183	7.501094
1602	-8203.299	-8453.534	250.2354	0.7169693	0.6670015	7.713536
1608	-8203.319	-8455.021	251.7016	0.8232569	0.6670015	6.869321
1614	-8204.793	-8455.712	250.9192	0.7677273	0.7040196	7.293806
1620	-8216.041	-8466.51	250.4691	0.7440074	0.5329982	7.678561
1626	-8207.253	-8458.449	251.1963	0.720983	0.5590989	7.279482
1632	-8217.264	-8467.901	250.6368	0.720983	0.7090319	7.466869
1638	-8214.174	-8465.064	250.8899	0.6662589	0.5788539	7.457186
1644	-8223.741	-8474.556	250.8151	0.7417993	0.5783617	7.457186
1650	-8216.58	-8468.004	251.4239	0.7719662	0.6011752	7.096091
1656	-8218.379	-8469.93	251.55	0.8215878	0.56126	7.033462
1662	-8232.925	-8485.252	252.3279	0.8233799	0.6178541	6.567715
1668	-8212.147	-8463.526	251.3791	0.7710641	0.6390271	7.091758
1674	-8209.623	-8460.112	250.4893	0.6842	0.6328257	7.620379
1680	-8209.794	-8460.335	250.541	0.7067704	0.5813216	7.620379
1686	-8204.196	-8455.217	251.0206	0.7329697	0.6497475	7.296914
1692	-8199.617	-8450.615	250.9977	0.7836142	0.6297632	7.296914
1698	-8204.742	-8455.787	251.0445	0.7746013	0.6032601	7.296914
1704	-8202.588	-8454.72	252.1321	0.8147658	0.6737236	6.636569
1710	-8214.978	-8466.543	251.5653	0.7910428	0.6560685	6.968134
1716	-8205.757	-8457.004	251.2468	0.788257	0.5208517	7.248428
1722	-8209.087	-8459.616	250.5285	0.7708487	0.5791573	7.594481
1728	-8213.04	-8463.776	250.7366	0.7652554	0.6281976	7.448014
1734	-8217.75	-8468.544	250.7942	0.7503861	0.5983058	7.448014
1740	-8220.018	-8470.162	250.1431	0.769192	0.7149989	7.701249
1746	-8212.828	-8462.916	250.0883	0.7357276	0.7863776	7.701249
1752	-8203.303	-8454.11	250.8069	0.7731939	0.6466997	7.392207
1758	-8201.562	-8451.987	250.4249	0.7452283	0.6245815	7.628352
1764	-8204.991	-8455.806	250.8149	0.7770584	0.6923721	7.35296
1770	-8213.323	-8465.895	252.572	0.8031415	0.5441789	6.50587
1776	-8212.853	-8464.377	251.5239	0.8178582	0.5441789	7.06369
1782	-8203.971	-8455.873	251.9012	0.8178582	0.5441789	6.860475
1788	-8215.693	-8467.428	251.735	0.8121517	0.6131809	6.897629
1794	-8215.813	-8465.993	250.1794	0.7066703	0.6081365	7.792763
1800	-8212.396	-8463.428	251.0313	0.7731121	0.5737818	7.328101
1806	-8228.247	-8479.261	251.0135	0.6770578	0.5384944	7.418249
1812	-8224.708	-8475.916	251.2079	0.7652779	0.5235108	7.279355
1818	-8226.121	-8477.668	251.5476	0.7744093	0.6109257	7.020619
1824	-8208.144	-8459.493	251.3494	0.8290974	0.6129106	7.096338
1830	-8217.574	-8468.979	251.405	0.808226	0.5890016	7.096338
1836	-8216.791	-8468.387	251.5957	0.8603328	0.6892718	6.890451
1842	-8202.713	-8453.912	251.1992	0.8148158	0.7120714	7.112496
1848	-8196.291	-8447.163	250.8724	0.806143	0.6575343	7.331481
1854	-8197.663	-8447.47	249.8071	0.7136672	0.5961039	7.997077
1860	-8214.629	-8464.606	249.9766	0.8047875	0.435746	7.997077
1866	-8217.761	-8468.757	250.9958	0.7911076	0.6176625	7.303105
1872	-8217.053	-8469.169	252.1155	0.7839431	0.5946285	6.721972
1878	-8207.885	-8460.07	252.1852	0.7933837	0.5855126	6.686489
1884	-8209.637	-8460.269	250.6319	0.7911345	0.6152618	7.50004
1890	-8193.447	-8444.961	251.5138	0.8106303	0.5302504	7.084801
1896	-8204.998	-8455.642	250.6436	0.7278257	0.6820788	7.478452
1902	-8208.614	-8459.907	251.2929	0.739937	0.52934	7.242304
1908	-8211.952	-8463.093	251.1406	0.6861647	0.6208216	7.279308
1914	-8216.033	-8466.983	250.9503	0.6811642	0.5946856	7.404299
1920	-8226.257	-8478.2	251.9428	0.7092885	0.6998302	6.777236
1926	-8221.631	-8473.766	252.1351	0.7921563	0.5849869	6.714611
1932	-8222.859	-8474.529	251.6708	0.7921563	0.5764065	6.971947
1938	-8220.23	-8472.163	251.9338	0.7325025	0.5764065	6.862388
1944	-8217.029	-8466.624	249.5944	0.7236455	0.5975981	8.103986
1950	-8215.103	-8466.223	251.12	0.7063637	0.6377113	7.266759
1956	-8215.634	-8468.096	252.4623	0.7695493	0.6395857	6.507567
1962	-8212.634	-8463.929	251.2947	0.7377167	0.5783638	7.202038
1968	-8214.829	-8465.181	250.3519	0.7295037	0.5436768	7.739981
1974	-8216.65	-8466.888	250.2381	0.7413182	0.6677427	7.698537
1980	-8210.085	-8463.253	253.1688	0.8516852	0.6137465	6.099024
1986	-8200.166	-8451.256	251.0893	0.8107517	0.5969554	7.258399
1992	-8213.002	-8464.883	251.8809	0.7824207	0.5451087	6.889747
1998	-8216.919	-8468.162	251.2424	0.8641961	0.5854903	7.156434
2004	-8210.026	-8463.223	253.1969	0.8641961	0.5591344	6.120882
2010	-8217.364	-8470.483	253.1194	0.9441403	0.5982028	6.087785
2016	-8221.651	-8474.719	253.0681	0.9611622	0.5458515	6.14934
2022	-8217.546	-8468.883	251.337	0.8873288	0.5734797	7.102788
2028	-8212.71	-8464.286	251.5752	0.810987	0.6010634	6.993737
2034	-8211.639	-8462.368	250.7284	0.7612889	0.6167081	7.463212
2040	-8202.622	-8453.699	251.0762	0.7229114	0.5679315	7.335712
2046	-8204.964	-8456.866	251.9017	0.7902475	0.5950054	6.833706
2052	-8214.87	-8465.947	251.0766	0.7884141	0.6566104	7.232018
2058	-8215.511	-8466.747	251.2355	0.7249635	0.6217705	7.20678
2064	-8231.131	-8482.587	251.4558	0.826245	0.6140154	7.03978
2070	-8224.601	-8475.968	251.3677	0.7819759	0.6845666	7.058792
2076	-8216.495	-8466.51	250.015	0.7819759	0.6407009	7.815793
2082	-8221.445	-8473.801	252.3555	0.7881023	0.6456638	6.550771
2088	-8214.775	-8466.882	252.1071	0.811154	0.6531389	6.667086
2094	-8214.328	-8465.109	250.7803	0.811154	0.5926837	7.427276
2100	-8216.743	-8468.336	251.5924	0.7263733	0.5895926	7.03905
2106	-8220.365	-8472.797	252.4321	0.8376236	0.602454	6.515565
2112	-8216.528	-8468.67	252.1419	0.8383773	0.6528414	6.63379
2118	-8226.365	-8478.815	252.4499	0.8143855	0.5755083	6.540016
2124	-8217.277	-8469.721	252.444	0.8019139	0.658158	6.486091
2130	-8201.461	-8452.4	250.9395	0.7422171	0.5865711	7.383738
2136	-8204.803	-8453.821	249.0182	0.6873075	0.6494472	8.391016
2142	-8204.308	-8455.537	251.2291	0.8303876	0.5322726	7.225498
2148	-8224.335	-8476.707	252.372	0.8303876	0.6033471	6.551291
2154	-8214.869	-8466.204	251.3343	0.8137566	0.5750201	7.14254
2160	-8216.275	-8467.374	251.0988	0.7814716	0.6795932	7.207211
2166	-8212.703	-8464.672	251.9694	0.8277072	0.6651071	6.723766
2172	-8201.207	-8453.675	252.4679	0.8529169	0.6651071	6.440387
2178	-8189.86	-8442.44	252.5801	0.8207793	0.5663814	6.47345
2184	-8198.925	-8449.905	250.9792	0.8031145	0.5663814	7.345991
2190	-8199.692	-8451.935	252.2432	0.7495507	0.569589	6.691674
2196	-8201.679	-8452.477	250.798	0.6677042	0.6533976	7.44865
2202	-8196.389	-8446.212	249.823	0.7435218	0.6860842	7.906067
2208	-8211.895	-8464.133	252.2377	0.7997307	0.6277409	6.621724
2214	-8220.989	-8471.472	250.4832	0.7843168	0.5559503	7.630278
2220	-8221.346	-8473.069	251.7231	0.7557634	0.6049556	6.940777
2226	-8217.83	-8468.813	250.9829	0.7557634	0.5893979	7.35093
2232	-8219.424	-8469.736	250.3121	0.6890638	0.5519993	7.77596
2238	-8223.797	-8473.221	249.4238	0.7020662	0.6151756	8.19285
2244	-8223.204	-8474.216	251.0115	0.6761664	0.6151756	7.358244
2250	-8220.461	-8471.58	251.1185	0.7640949	0.5816909	7.279839
2256	-8222.316	-8473.769	251.4534	0.7092122	0.6135036	7.104411
2262	-8228.336	-8479.722	251.3861	0.7888597	0.7298621	7.013692
2268	-8224.012	-8474.835	250.823	0.7743057	0.5388161	7.467968
2274	-8212.375	-8463.816	251.4407	0.7682362	0.6701267	7.037273
2280	-8211.45	-8463.041	251.5907	0.8036253	0.5783252	7.007386
2286	-8216.156	-8468.64	252.4848	0.7955999	0.5783252	6.529005
2292	-8209.35	-8462.558	253.2083	0.9066231	0.615068	6.046533
2298	-8212.712	-8465.084	252.3721	0.8441046	0.6385489	6.516773
2304	-8221.382	-8473.063	251.6812	0.7893232	0.6698599	6.896571
2310	-8234.504	-8488.116	253.612	0.9496359	0.5478495	5.857276
2316	-8230.978	-8482.095	251.1175	0.773217	0.6523196	7.221382
2322	-8218.776	-8468.72	249.9449	0.6611797	0.6031565	7.946124
2328	-8210.945	-8460.606	249.6609	0.7277882	0.6457093	8.029988
2334	-8208.295	-8459.745	251.4502	0.8190487	0.5221097	7.121476
2340	-8208.803	-8461.311	252.5079	0.7898305	0.6400801	6.471452
2346	-8223.377	-8476.024	252.6477	0.7627157	0.5625542	6.471452
2352	-8208.881	-8459.472	250.5906	0.7530929	0.5496629	7.594731
2358	-8208.606	-8459.472	250.8661	0.7445053	0.6245726	7.392417
2364	-8213.201	-8465.266	252.0655	0.7870125	0.4959123	6.83035
2370	-8218.175	-8470.151	251.9758	0.7667717	0.565195	6.83035
2376	-8208.115	-8461.719	253.6043	0.9401516	0.565195	5.852131
2382	-8206.354	-8459.274	252.92	0.8531406	0.565195	6.272441
2388	-8203.708	-8455.222	251.514	0.7806631	0.6249633	7.024605
2394	-8191.751	-8441.866	250.1147	0.7608447	0.5781794	7.821882
2400	-8194.215	-8445.158	250.9431	0.7162349	0.6047262	7.381505
2406	-8205.85	-8456.406	250.556	0.7237783	0.5496736	7.628914
2412	-8198.609	-8449.611	251.0027	0.7432457	0.5699623	7.362582
2418	-8206.495	-8459.585	253.0903	0.8852661	0.5699623	6.158446
2424	-8212.255	-8463.469	251.2134	0.8852661	0.8310212	6.98928
2430	-8210.841	-8461.725	250.8841	0.8506165	0.6878083	7.279531
2436	-8206.343	-8457.178	250.8344	0.8033783	0.5655474	7.424165
2442	-8197.321	-8448.446	251.1246	0.7525412	0.5595765	7.30061
2448	-8200.376	-8451.254	250.8782	0.7934349	0.6512567	7.339776
2454	-8197.154	-8448.53	251.3759	0.787476	0.5765425	7.133082
2460	-8204.247	-8455.896	251.6483	0.7695607	0.629673	6.954705
2466	-8201.709	-8452.577	250.8683	0.6753177	0.5697022	7.471276
2472	-8195.556	-8446.909	251.3534	0.7614499	0.5622424	7.17078
2478	-8202.452	-8453.599	251.1473	0.7753234	0.5834199	7.256951
2484	-8213.812	-8466.043	252.2312	0.7753234	0.5389939	6.709665
2490	-8215.924	-8467.26	251.3354	0.7243198	0.6679735	7.119085
2496	-8213.292	-8464.598	251.3065	0.7531329	0.6680752	7.119085
2502	-8207.249	-8458.282	251.0331	0.716486	0.6179231	7.32294
2508	-8213.637	-8463.8	250.163	0.716486	0.6141091	7.791718
2514	-8201.496	-8452.372	250.8759	0.7201485	0.5594958	7.451445
2520	-8211.785	-8464.503	252.7185	0.8404727	0.5727481	6.382538
2526	-8215.404	-8467.915	252.5108	0.862953	0.7057647	6.382538
2532	-8217.558	-8468.354	250.7961	0.7262777	0.7057647	7.380886
2538	-8220.266	-8471.243	250.977	0.7450093	0.5631901	7.380886
2544	-8216.187	-8466.869	250.6817	0.744846	0.6665105	7.460087
2550	-8225.521	-8477.249	251.7277	0.7432204	0.5504041	6.989002
2556	-8224.441	-8475.929	251.4882	0.8875359	0.614454	6.989002
2562	-8219.069	-8471.1	252.0309	0.8875359	0.5551519	6.743679
2568	-8209.781	-8462.433	252.6515	0.8212855	0.5562778	6.442832
2574	-8207.701	-8460.188	252.487	0.8724835	0.6337173	6.442832
2580	-8202.533	-8454.276	251.7431	0.8272884	0.5219594	6.959553
2586	-8203.78	-8455.944	252.1649	0.7758169	0.5557935	6.731108
2592	-8204.38	-8457.658	253.2779	0.794293	0.601238	6.080647
2598	-8204.477	-8457.662	253.1852	0.8458043	0.6004786	6.1037
2604	-8204.847	-8458.118	253.2719	0.918363	0.4977587	6.1037
2610	-8211.266	-8464.153	252.8871	0.8782695	0.5283035	6.307814
2616	-8202.711	-8454.5	251.7895	0.7867173	0.5754348	6.911707
2622	-8210.782	-8462.085	251.3024	0.8044976	0.550711	7.184568
2628	-8207.36	-8458.253	250.8931	0.8359148	0.5875489	7.357607
2634	-8215.585	-8468.536	252.9509	0.8928039	0.5312356	6.26272
2640	-8205.3	-8458.093	252.793	0.8783131	0.6481396	6.26272
2646	-8201.784	-8455.306	253.5222	0.9341955	0.6764232	5.813853
2652	-8217.582	-8470.831	253.2491	0.8682045	0.5504919	6.097493
2658	-8218.566	-8470.337	251.7706	0.8610898	0.6319864	6.837637
2664	-8215.729	-8466.31	250.5817	0.8087208	0.657422	7.486007
2670	-8223.009	-8474.06	251.0505	0.736626	0.6761715	7.259699
2676	-8219.843	-8470.781	250.9381	0.7371713	0.6568004	7.333759
2682	-8231.634	-8482.08	250.4458	0.7871176	0.4948619	7.701015
2688	-8226.788	-8479.512	252.7238	0.8131862	0.5464901	6.416235
2694	-8221.912	-8474.563	252.6512	0.866568	0.5578656	6.417149
2700	-8225.258	-8478.605	253.3473	0.887769	0.5889782	6.001668
2706	-8225.768	-8477.755	251.9866	0.7492322	0.5536349	6.843519
2712	-8220.527	-8471.323	250.7963	0.8261499	0.4994355	7.488478
2718	-8212.242	-8463.516	251.2749	0.7803286	0.5852468	7.184269
2724	-8222.988	-8475.293	252.3048	0.7803286	0.5250731	6.679082
2730	-8218.133	-8469.407	251.2743	0.7689662	0.5785651	7.196005
2736	-8213.06	-8464.347	251.2873	0.7977048	0.68658	7.09217
2742	-8206.931	-8459.402	252.4712	0.7963055	0.5617594	6.549517
2748	-8204.404	-8457.141	252.7365	0.7963055	0.5128318	6.447457
2754	-8206.949	-8458.6	251.6513	0.7749739	0.5200832	7.038753
2760	-8218.887	-8470.081	251.1939	0.7341346	0.5045151	7.320114
2766	-8222.711	-8473.423	250.7116	0.7047428	0.6142782	7.504366
2772	-8236.765	-8486.476	249.7111	0.7957263	0.6197528	7.986377
2778	-8225.551	-8475.524	249.9727	0.6643046	0.5328021	7.986377
2784	-8209.926	-8460.217	250.2914	0.6683322	0.6154071	7.747855
2790	-8221.223	-8472.169	250.9461	0.6717669	0.6240905	7.388893
2796	-8221.884	-8472.466	250.5821	0.7234867	0.5733303	7.595787
2802	-8215.426	-8465.797	250.3719	0.7595396	0.61752	7.654411
2808	-8207.24	-8458.997	251.7569	0.8226034	0.6215532	6.873745
2814	-8213.828	-8464.381	250.5529	0.7319894	0.4896985	7.677837
2820	-8201.429	-8452.698	251.2699	0.7890983	0.5750948	7.190351
2826	-8200.161	-8450.609	250.4485	0.7266107	0.5769014	7.662787
2832	-8212.108	-8462.889	250.7804	0.7565744	0.6450096	7.416627
2838	-8211.591	-8462.31	250.7191	0.7398865	0.5983249	7.493865
2844	-8208.895	-8460.207	251.3128	0.7947418	0.5900075	7.152365
2850	-8204.005	-8455.253	251.248	0.8477652	0.5980482	7.152365
2856	-8212.734	-8464.186	251.452	0.7861128	0.505889	7.152365
2862	-8232.316	-8482.681	250.3646	0.7607813	0.5947321	7.675275
2868	-8224.431	-8476.736	252.3048	0.7607813	0.5362007	6.680115
2874	-8219.721	-8469.908	250.1869	0.7319494	0.5767371	7.799909
2880	-8225.526	-8476.218	250.6921	0.7319494	0.6649443	7.462534
2886	-8219.319	-8470.813	251.4941	0.7436716	0.6257459	7.054638
2892	-8221.203	-8472.682	251.4792	0.7679955	0.5800031	7.085209
2898	-8220.192	-8471.593	251.401	0.756119	0.642763	7.085209
2904	-8218.906	-8469.44	250.5337	0.8032603	0.6093136	7.550704
2910	-8206.803	-8457.374	250.5707	0.7026085	0.6267947	7.571476
2916	-8211.521	-8461.88	250.3584	0.7353674	0.6105657	7.679876
2922	-8219.043	-8470.469	251.4261	0.7353674	0.554361	7.152178
2928	-8216.396	-8467.101	250.7046	0.7353674	0.5811378	7.517617
2934	-8212.525	-8464.418	251.8937	0.7943264	0.5778011	6.849512
2940	-8208.56	-8459.796	251.2362	0.8160825	0.6019593	7.172664
2946	-8204.249	-8455.048	250.7986	0.7487469	0.5543485	7.481775
2952	-8215.287	-8466.481	251.1942	0.7638761	0.6115212	7.215876
2958	-8211.633	-8461.604	249.9706	0.7638761	0.5662165	7.90679
2964	-8210.853	-8462.229	251.3761	0.7536128	0.6693685	7.080475
2970	-8215.746	-8466.728	250.9824	0.8633106	0.5322844	7.340256
2976	-8213.147	-8466.148	253.0007	0.8282286	0.5616072	6.245091
2982	-8213.025	-8465.874	252.849	0.9164753	0.616523	6.235606
2988	-8211.729	-8462.868	251.1398	0.7082675	0.6480283	7.247445
2994	-8210.223	-8462.016	251.7935	0.7734944	0.7114205	6.815084
3000	-8214.434	-8464.873	250.4389	0.7744962	0.6139805	7.613299
3006	-8214.272	-8464.264	249.9917	0.6711418	0.6426147	7.88599
3012	-8218.064	-8469.804	251.7406	0.6799184	0.6035333	6.973323
3018	-8208.786	-8460.007	251.2211	0.640422	0.592635	7.282451
3024	-8202.776	-8453.342	250.566	0.6562852	0.5368444	7.6704
3030	-8203.679	-8454.228	250.5495	0.688965	0.6099365	7.60298
3036	-8198.687	-8450.393	251.7051	0.7956063	0.5955495	6.936381
3042	-8207.722	-8459.247	251.5253	0.7927048	0.5589639	7.064233
3048	-8215.225	-8465.078	249.8522	0.7695263	0.6301389	7.917223
3054	-8206.827	-8457.874	251.0471	0.7420112	0.6370622	7.287266
3060	-8208.573	-8459.69	251.1167	0.7247215	0.6002799	7.287266
3066	-8202.1	-8453.206	251.1064	0.7574728	0.58496	7.287266
3072	-8200.406	-8450.71	250.3035	0.673991	0.6413495	7.718852
3078	-8206.177	-8456.211	250.0336	0.673991	0.6413495	7.863052
3084	-8214.971	-8466.363	251.3916	0.664237	0.5970746	7.174565
3090	-8211.065	-8462.054	250.9894	0.7836195	0.5746652	7.344246
3096	-8218.207	-8469.869	251.662	0.7987286	0.555222	6.990459
3102	-8220.092	-8471.663	251.5712	0.8776104	0.5918916	6.967237
3108	-8212.945	-8464.427	251.482	0.8517723	0.6740428	6.967237
3114	-8199.66	-8452.281	252.6213	0.8230097	0.6104148	6.414748
3120	-8202.088	-8454.938	252.8497	0.7211588	0.6037923	6.351271
3126	-8207.358	-8458.228	250.8696	0.7264195	0.7296939	7.324975
3132	-8209.279	-8460.994	251.7154	0.7328121	0.6313163	6.937076
3138	-8213.77	-8465.953	252.1837	0.80496	0.6235165	6.651349
3144	-8216.227	-8467.962	251.7354	0.7517069	0.5348766	6.99329
3150	-8212.124	-8464.446	252.3225	0.8774519	0.5131204	6.62741
3156	-8205.587	-8457.881	252.2937	0.8422644	0.6039312	6.586829
3162	-8200.059	-8452.513	252.4538	0.8195922	0.5337709	6.569835
3168	-8199.477	-8451.912	252.4346	0.838702	0.5337709	6.569835
3174	-8206.213	-8457.026	250.8128	0.7019187	0.5088951	7.537871
3180	-8217.907	-8468.531	250.6242	0.6599216	0.5226584	7.649381
3186	-8215.453	-8466.818	251.3648	0.7187632	0.5718287	7.179768
3192	-8205.918	-8457.659	251.7415	0.7519524	0.5965504	6.939498
3198	-8217.854	-8469.974	252.12	0.7855743	0.5342537	6.768211
3204	-8212.529	-8464.265	251.7364	0.7788079	0.6700536	6.872324
3210	-8212.759	-8464.686	251.9271	0.836398	0.5903456	6.798791
3216	-8210.418	-8462.463	252.0447	0.836398	0.5482128	6.769637
3222	-8199.813	-8451.774	251.9611	0.7994596	0.629963	6.769637
3228	-8204.859	-8456.289	251.4298	0.8283218	0.7251003	6.972161
3234	-8202.313	-8453.41	251.0966	0.7123614	0.5526589	7.342901
3240	-8201.891	-8451.75	249.8592	0.7552386	0.5106138	8.01741
3246	-8207.209	-8456.946	249.7372	0.7119147	0.6665282	7.98262
3252	-8214.556	-8466.213	251.6572	0.8019117	0.5664112	6.982163
3258	-8207.435	-8459.043	251.6086	0.8008657	0.5998263	6.982163
3264	-8210.015	-8459.328	249.3126	0.7978074	0.5956063	8.216157
3270	-8206.115	-8458.449	252.3344	0.7623488	0.6412898	6.579415
3276	-8211.541	-8463.317	251.7752	0.7964254	0.6600179	6.849223
3282	-8214.955	-8466.233	251.2776	0.7964254	0.5316633	7.21824
3288	-8218.49	-8470.735	252.2452	0.8782984	0.5493454	6.637724
3294	-8217.335	-8468.009	250.6744	0.7846662	0.5493454	7.533221
3300	-8217.837	-8469.272	251.4348	0.8292304	0.6028524	7.058097
3306	-8215.882	-8467.231	251.3496	0.7646247	0.7127954	7.058097
3312	-8211.015	-8462.58	251.5653	0.7767461	0.6473031	6.982319
3318	-8206.603	-8458.497	251.894	0.8003179	0.632401	6.803564
3324	-8200.539	-8451.986	251.4469	0.8003179	0.648587	7.032407
3330	-8197.299	-8449.275	251.9757	0.7935399	0.6376908	6.759138
3336	-8191.717	-8443.466	251.7498	0.7406293	0.5469204	6.981374
3342	-8199.089	-8450.106	251.017	0.8257114	0.5702475	7.310403
3348	-8201.191	-8452.935	251.7443	0.7719566	0.5528334	6.962514
3354	-8205.956	-8457.958	252.0013	0.9067643	0.5709073	6.736361
3360	-8209.045	-8461.524	252.4786	0.8506305	0.5907272	6.492573
3366	-8203.717	-8454.271	250.5545	0.8395199	0.5712271	7.550158
3372	-8206.471	-8457.609	251.138	0.7210489	0.5610058	7.309155
3378	-8210.892	-8461.372	250.4799	0.7236365	0.5634535	7.658382
3384	-8206.892	-8458.217	251.3242	0.7455152	0.5282579	7.223446
3390	-8212.967	-8464.667	251.6995	0.7664035	0.7010352	6.876825
3396	-8216.118	-8467.392	251.2739	0.8071866	0.5223115	7.222432
3402	-8209.709	-8460.967	251.2578	0.7539932	0.5590305	7.228772
3408	-8199.522	-8450.527	251.0048	0.7717511	0.5636948	7.351223
3414	-8200.279	-8451.413	251.1339	0.7616368	0.5829912	7.271822
3420	-8194.479	-8445.457	250.9774	0.8074358	0.5288251	7.375892
3426	-8196.359	-8448.388	252.0285	0.8442751	0.5592116	6.764983
3432	-8203.036	-8455.265	252.2285	0.8181704	0.530871	6.694878
3438	-8204.536	-8456.149	251.6125	0.7750181	0.6521946	6.954214
3444	-8193.945	-8444.482	250.5369	0.7151737	0.5775452	7.62106
3450	-8191.434	-8443.044	251.6103	0.7345963	0.5982845	7.018139
3456	-8197.744	-8447.445	249.7013	0.7290316	0.5618817	8.072514
3462	-8195.809	-8447.982	252.1733	0.7528666	0.6222747	6.686055
3468	-8210.181	-8461.362	251.1818	0.8014395	0.5599188	7.24339
3474	-8203.03	-8455.408	252.3786	0.815575	0.6952867	6.487271
3480	-8206.79	-8457.888	251.0981	0.7554475	0.549671	7.321482
3486	-8212.12	-8463.155	251.035	0.7864417	0.5608212	7.32951
3492	-8216.51	-8467.142	250.6312	0.6710744	0.5741988	7.596874
3498	-8202.407	-8452.989	250.5822	0.7488543	0.5552843	7.596874
3504	-8208.002	-8460.201	252.1989	0.7482246	0.5552843	6.72808
3510	-8198.886	-8449.963	251.0773	0.790109	0.607984	7.267298
3516	-8200.852	-8451.822	250.9703	0.7851089	0.555866	7.369006
3522	-8208.979	-8459.916	250.9368	0.8029187	0.5166851	7.410485
3528	-8191.82	-8442.39	250.5703	0.717949	0.5402684	7.632205
3534	-8200.734	-8452.157	251.4232	0.7769585	0.5402684	7.143152
3540	-8200.908	-8453.097	252.1891	0.7868597	0.615346	6.664482
3546	-8202.629	-8454.127	251.498	0.7900691	0.6173263	7.033983
3552	-8210.095	-8460.489	250.3934	0.7477523	0.6344714	7.636418
3558	-8212.199	-8462.011	249.8122	0.7463635	0.6238023	7.955698
3564	-8208.899	-8459.977	251.0773	0.7038088	0.5650404	7.347684
3570	-8213.009	-8464.464	251.4543	0.7465265	0.5057117	7.172543
3576	-8212.429	-8463.458	251.0285	0.7267958	0.5619215	7.364077
3582	-8208.004	-8459.284	251.28	0.7314216	0.6049759	7.192292
3588	-8216.846	-8467.625	250.7791	0.7468783	0.5011024	7.538649
3594	-8222.392	-8474.958	252.5659	0.7973665	0.5161074	6.536462
3600	-8223.003	-8475.867	252.8638	0.8241381	0.5528807	6.328983
3606	-8212.73	-8464.718	251.9877	0.8093395	0.6220594	6.755968
3612	-8216.289	-8468.655	252.3662	0.8318244	0.6220594	6.539159
3618	-8210.847	-8462.503	251.6556	0.7431861	0.5199169	7.053712
3624	-8208.073	-8459.163	251.0903	0.7539996	0.5820354	7.300112
3630	-8224.102	-8475.045	250.9427	0.7795213	0.5775261	7.369202
3636	-8222.584	-8473.502	250.9182	0.8273357	0.5761491	7.35779
3642	-8219.443	-8469.931	250.4879	0.726595	0.5761491	7.642302
3648	-8221.912	-8472.148	250.2363	0.8037337	0.5761491	7.735571
3654	-8229.783	-8479.677	249.8946	0.7654288	0.6210533	7.90363
3660	-8221.449	-8471.984	250.5345	0.735756	0.7065475	7.515481
3666	-8216.845	-8468.399	251.5531	0.7507025	0.6069278	7.033535
3672	-8227.337	-8476.929	249.5922	0.6740521	0.71454	8.046487
3678	-8216.779	-8466.416	249.6363	0.7791762	0.604836	8.046487
3684	-8214.516	-8465.72	251.2036	0.7750403	0.5559476	7.249102
3690	-8220.66	-8471.849	251.1891	0.7502409	0.58201	7.249102
3696	-8216.707	-8467.903	251.1966	0.7502406	0.5829393	7.244308
3702	-8215.682	-8468.37	252.6871	0.8591037	0.5969545	6.370003
3708	-8212.385	-8464.271	251.8864	0.8591037	0.5965506	6.803598
3714	-8210.048	-8461.086	251.0383	0.7698379	0.6163235	7.292717
3720	-8201.794	-8452.44	250.6461	0.7822946	0.6201733	7.493438
3726	-8204.378	-8455.505	251.127	0.7176456	0.6415197	7.254109
3732	-8200.285	-8451.793	251.5079	0.7614132	0.5752595	7.077132
3738	-8205.489	-8456.185	250.6951	0.7069173	0.613369	7.512731
3744	-8208.404	-8458.824	250.42	0.6604012	0.613369	7.684892
3750	-8205.538	-8456	250.4624	0.6604012	0.6611072	7.626655
3756	-8196.877	-8447.177	250.2995	0.6956688	0.6407916	7.709833
3762	-8210.471	-8461.024	250.5535	0.6477638	0.5040556	7.709833
3768	-8199.008	-8450.574	251.5663	0.7679271	0.6094115	7.015242
3774	-8210.47	-8461.194	250.7238	0.7679271	0.5852514	7.486609
3780	-8214.719	-8466.102	251.383	0.792557	0.5775296	7.125737
3786	-8211.684	-8463.109	251.425	0.7626643	0.5694415	7.125737
3792	-8213.678	-8465.083	251.4055	0.7202807	0.6461418	7.099569
3798	-8211.241	-8463.111	251.87	0.8028979	0.5514918	6.879222
3804	-8212.865	-8464.506	251.6407	0.8005179	0.627055	6.944082
3810	-8207.008	-8458.818	251.8103	0.8156204	0.5413059	6.913093
3816	-8209.662	-8459.683	250.0207	0.7768345	0.6063862	7.841421
3822	-8206.962	-8458.357	251.3952	0.8513699	0.5786558	7.086634
3828	-8208.259	-8459.253	250.9946	0.8348958	0.5027875	7.37449
3834	-8216.84	-8469.635	252.795	0.8269692	0.4833688	6.425608
3840	-8217.046	-8469.696	252.6502	0.8711497	0.4791396	6.484063
3846	-8208.618	-8458.443	249.8248	0.8115628	0.6330515	7.907222
3852	-8204.596	-8455.996	251.3995	0.7597978	0.5561263	7.151916
3858	-8204.462	-8454.557	250.0946	0.7465812	0.618388	7.808945
3864	-8206.346	-8456.644	250.2976	0.7465812	0.5454028	7.758456
3870	-8208.204	-8458.655	250.4512	0.7465812	0.5891709	7.640887
3876	-8197.078	-8448.174	251.0962	0.7465812	0.5714919	7.309384
3882	-8193.066	-8444.447	251.381	0.7681973	0.5714919	7.144793
3888	-8191.929	-8444.03	252.1003	0.8371432	0.6125916	6.68742
3894	-8201.226	-8452.596	251.37	0.8668036	0.5734813	7.096059
3900	-8204.992	-8455.801	250.8083	0.7711475	0.545782	7.471682
3906	-8201.822	-8452.447	250.6252	0.7296783	0.5798927	7.564194
3912	-8207.853	-8458.492	250.639	0.7353876	0.5668593	7.564194
3918	-8214.209	-8464.971	250.7623	0.7353876	0.6317865	7.447548
3924	-8214.155	-8464.477	250.3226	0.7437265	0.5131854	7.77396
3930	-8215.059	-8466.26	251.201	0.8225197	0.6292927	7.167163
3936	-8213.961	-8463.927	249.966	0.6968064	0.553047	7.955774
3942	-8213.171	-8463.867	250.696	0.7407133	0.6846305	7.44165
3948	-8202.34	-8454.075	251.7347	0.7996944	0.6191522	6.899872
3954	-8204.247	-8456.347	252.1004	0.8002621	0.5310442	6.77358
3960	-8200.655	-8451.996	251.3403	0.7594258	0.5781008	7.166038
3966	-8211.66	-8462.994	251.3347	0.797265	0.5781008	7.148744
3972	-8206.431	-8457.859	251.4281	0.8066565	0.5587898	7.109116
3978	-8206.289	-8458.64	252.3501	0.7924641	0.667534	6.535167
3984	-8207.143	-8459.241	252.0977	0.8506488	0.6481732	6.654531
3990	-8206.295	-8458.009	251.7135	0.8428241	0.5605558	6.934548
3996	-8202.722	-8455.047	252.3249	0.852763	0.5845598	6.579578
4002	-8212.338	-8464.958	252.6194	0.8111475	0.5996471	6.430599
4008	-8199.493	-8452.167	252.6731	0.8352173	0.5478477	6.430599
4014	-8214.672	-8467.395	252.723	0.8759055	0.5114266	6.412886
4020	-8206.18	-8456.708	250.5274	0.7785027	0.5169282	7.642626
4026	-8213.047	-8465.384	252.3372	0.8456753	0.5413598	6.612355
4032	-8209.441	-8460.439	250.9986	0.7503867	0.5995831	7.337416
4038	-8213.923	-8465.99	252.0668	0.7558873	0.5699921	6.783184
4044	-8212.337	-8464.236	251.8986	0.8553523	0.6243889	6.777465
4050	-8209.357	-8460.671	251.3132	0.7450439	0.5735618	7.191977
4056	-8223.481	-8475.094	251.613	0.8099045	0.6162095	6.962259
4062	-8218.978	-8472.179	253.2009	0.891857	0.640269	6.039259
4068	-8222.187	-8474.863	252.676	0.8630005	0.7056497	6.292963
4074	-8209.919	-8461.732	251.8125	0.820807	0.5680223	6.88699
4080	-8203.813	-8455.526	251.7129	0.8559281	0.7220186	6.806759
4086	-8207.789	-8459.767	251.978	0.7899801	0.692263	6.720012
4092	-8204.586	-8455.869	251.2833	0.7674435	0.6888913	7.108941
4098	-8196.867	-8448.275	251.4081	0.7225978	0.6806936	7.071771
4104	-8196.711	-8447.077	250.3667	0.6762182	0.6199719	7.699901
4110	-8197.645	-8448.604	250.9592	0.6757216	0.610616	7.390026
4116	-8202.242	-8452.712	250.4694	0.7204761	0.5959668	7.639811
4122	-8215.045	-8468.056	253.0109	0.7735701	0.5171848	6.307097
4128	-8204.214	-8455.478	251.2644	0.76939	0.5527102	7.222179
4134	-8205.986	-8458.193	252.2066	0.8540303	0.5530538	6.668616
4140	-8203.927	-8455.419	251.4919	0.7494007	0.6272935	7.051571
4146	-8210.156	-8461.598	251.442	0.7845205	0.5593688	7.113081
4152	-8204.213	-8456.553	252.3395	0.8255448	0.5535067	6.61178
4158	-8200.366	-8452.442	252.0761	0.8210536	0.6131201	6.70879
4164	-8200.712	-8452.88	252.1681	0.7790982	0.545954	6.735818
4170	-8202.418	-8454.26	251.8423	0.7803957	0.6517323	6.827742
4176	-8202.611	-8454.454	251.8428	0.7803957	0.5928281	6.872488
4182	-8209.253	-8460.18	250.9265	0.7470755	0.6619918	7.330888
4188	-8207.449	-8457.512	250.0621	0.760315	0.5596017	7.865197
4194	-8207.606	-8458.425	250.8193	0.760315	0.6026639	7.425853
4200	-8214.278	-8465.337	251.0588	0.7403496	0.6292401	7.287752
4206	-8203.87	-8454.531	250.6615	0.7249061	0.6300607	7.508468
4212	-8202.009	-8452.662	250.6534	0.7384287	0.6261774	7.508468
4218	-8204.593	-8456.302	251.709	0.8134611	0.6509783	6.882388
4224	-8209.271	-8461.742	252.4712	0.846533	0.5941566	6.496118
4230	-8213.622	-8465.848	252.2256	0.8680087	0.5162376	6.682192
4236	-8216.53	-8467.139	250.6097	0.8060846	0.6485186	7.478944
4242	-8197.522	-8447.429	249.9075	0.7454613	0.6358829	7.896289
4248	-8203.122	-8455.669	252.5475	0.7465876	0.5601374	6.53647
4254	-8208.146	-8460.204	252.0574	0.8342194	0.5975397	6.723908
4260	-8214.272	-8466.118	251.8459	0.8342194	0.5750594	6.85599
4266	-8217.16	-8469.492	252.3317	0.8524247	0.5313853	6.620169
4272	-8210.247	-8462.561	252.3143	0.7699066	0.5970925	6.620169
4278	-8205.935	-8457.249	251.3135	0.7843235	0.5554792	7.185488
4284	-8204.625	-8456.552	251.927	0.7800983	0.6083753	6.815063
4290	-8196.8	-8448.285	251.4848	0.816619	0.6804549	6.98008
4296	-8207.144	-8458.616	251.4718	0.7662313	0.553358	7.111842
4302	-8208.77	-8460.417	251.6467	0.7381738	0.6288655	6.973083
4308	-8200.71	-8452.818	252.1076	0.7704196	0.5829937	6.742845
4314	-8207.169	-8459.416	252.2468	0.8678558	0.5649019	6.629596
4320	-8200.785	-8452.566	251.7814	0.771096	0.5668652	6.93145
4326	-8194.306	-8446.191	251.8847	0.7468951	0.548915	6.903669
4332	-8201.122	-8452.444	251.322	0.7825855	0.6412266	7.114629
4338	-8199.111	-8450.7	251.5882	0.878015	0.5234399	7.014336
4344	-8191.529	-8443.83	252.3006	0.8451885	0.6471382	6.548468
4350	-8190.475	-8442.867	252.392	0.8451885	0.6003918	6.534807
4356	-8196.907	-8448.253	251.3464	0.7712145	0.7195944	7.0516
4362	-8216.279	-8467.623	251.3439	0.7413374	0.7163046	7.071278
4368	-8209.579	-8460.837	251.258	0.7992336	0.5164177	7.240319
4374	-8203.204	-8455.385	252.1813	0.8565832	0.6431553	6.609874
4380	-8199.192	-8450.751	251.5592	0.7415844	0.5902217	7.048253
4386	-8202.771	-8454	251.2283	0.7459428	0.6008296	7.215524
4392	-8200.744	-8452.501	251.7565	0.7605623	0.6008296	6.923433
4398	-8202.861	-8454.486	251.6248	0.7638464	0.5736254	7.014238
4404	-8214.162	-8467.226	253.0639	0.8038899	0.5700157	6.217061
4410	-8198.302	-8449.429	251.1273	0.7970482	0.6387965	7.213326
4416	-8199.975	-8451.997	252.0216	0.7835907	0.55369	6.806037
4422	-8202.262	-8454.13	251.8682	0.8078818	0.6326178	6.813226
4428	-8192.419	-8443.643	251.2239	0.7904215	0.5975903	7.196515
4434	-8197.733	-8448.535	250.8019	0.7246844	0.5341979	7.509724
4440	-8202.32	-8454.207	251.8873	0.8129944	0.5341979	6.879022
4446	-8211.172	-8464.068	252.896	0.8760699	0.5673642	6.271245
4452	-8225.626	-8477.776	252.1509	0.8684463	0.6583284	6.6086
4458	-8223.25	-8474.332	251.0815	0.7641422	0.5540349	7.322116
4464	-8236.334	-8487.442	251.1079	0.7711824	0.6753241	7.210929
4470	-8228.587	-8480.314	251.7263	0.7896578	0.6412312	6.893135
4476	-8209.707	-8460.613	250.9067	0.7766907	0.5628116	7.401923
4482	-8209.463	-8459.911	250.4481	0.779521	0.7380903	7.516825
4488	-8201.703	-8453.686	251.983	0.8184167	0.5842206	6.783215
4494	-8200.466	-8452.401	251.9346	0.8240693	0.6135804	6.783215
4500	-8206.835	-8458.896	252.0611	0.7816423	0.5839454	6.761103
4506	-8215.123	-8467.04	251.9166	0.8364525	0.6467661	6.761103
4512	-8216.544	-8468.218	251.6743	0.7436425	0.6987759	6.90428
4518	-8202.099	-8453.872	251.7726	0.7975901	0.588829	6.90428
4524	-8218.412	-8469.778	251.3659	0.7919884	0.5922262	7.12355
4530	-8208.662	-8461.397	252.735	0.8621226	0.6317995	6.315371
4536	-8212.972	-8465.102	252.1298	0.7890002	0.5490654	6.748551
4542	-8216.559	-8469.036	252.4771	0.804618	0.6205665	6.494976
4548	-8207.088	-8459.742	252.6535	0.8489318	0.5386634	6.441603
4554	-8212.74	-8464.675	251.9354	0.7770324	0.5682086	6.844155
4560	-8208.092	-8460.079	251.9871	0.8038886	0.5938297	6.781163
4566	-8208.324	-8460.141	251.8172	0.7990939	0.5046526	6.949927
4572	-8202.862	-8453.332	250.4699	0.7135304	0.5046526	7.718803
4578	-8194.284	-8444.585	250.3009	0.7007953	0.6240958	7.718803
4584	-8206.379	-8456.52	250.1408	0.8300211	0.5778376	7.771239
4590	-8206.938	-8457.062	250.1241	0.7457807	0.578784	7.82442
4596	-8210.495	-8460.876	250.3815	0.7068769	0.6314699	7.66691
4602	-8212.74	-8463.417	250.6773	0.7586722	0.5909501	7.511969
4608	-8216.021	-8467.529	251.5072	0.8119207	0.6339496	7.004637
4614	-8212.865	-8464.063	251.1981	0.7204389	0.5714268	7.268779
4620	-8210.81	-8461.305	250.495	0.7200358	0.5323902	7.677997
4626	-8207.864	-8459.135	251.2716	0.7417119	0.5837435	7.207974
4632	-8205.961	-8457.484	251.5229	0.729733	0.6486549	7.029435
4638	-8201.838	-8452.763	250.9249	0.7726826	0.6199194	7.349304
4644	-8207.555	-8457.838	250.283	0.7496358	0.5498648	7.760895
4650	-8201.872	-8453.891	252.0188	0.7496358	0.468433	6.900848
4656	-8197.085	-8448.354	251.2696	0.7101812	0.6566436	7.170348
4662	-8202.589	-8453.274	250.6848	0.7742277	0.6401112	7.462012
4668	-8217.119	-8468.214	251.0946	0.7742277	0.6140517	7.261861
4674	-8217.372	-8467.793	250.4206	0.7782043	0.6309226	7.608261
4680	-8210.69	-8461.43	250.74	0.6970012	0.5834105	7.517393
4686	-8218.284	-8468.942	250.6575	0.6789989	0.6540231	7.517393
4692	-8215.48	-8467.841	252.3615	0.8917784	0.7295205	6.431441
4698	-8207.536	-8459.997	252.4606	0.8628628	0.5615901	6.519359
4704	-8212.552	-8463.155	250.6039	0.7826392	0.5771305	7.549438
4710	-8216.8	-8468.089	251.2885	0.7702768	0.5774199	7.188631
4716	-8214.558	-8465.369	250.8111	0.7741502	0.5906073	7.432248
4722	-8210.369	-8461.833	251.4639	0.7538078	0.5906073	7.092638
4728	-8208.389	-8460.619	252.2305	0.9200929	0.4999833	6.665766
4734	-8206.711	-8459.935	253.2241	0.9443158	0.5633985	6.058877
4740	-8216.137	-8468.155	252.0183	0.9096032	0.6169453	6.689179
4746	-8204.669	-8456.01	251.3408	0.7799503	0.5843174	7.149767
4752	-8202.207	-8452.422	250.2144	0.7014694	0.5614853	7.813787
4758	-8198.139	-8448.891	250.7522	0.7592199	0.5718146	7.486788
4764	-8205.025	-8455.48	250.4552	0.7174606	0.5886687	7.654728
4770	-8214.561	-8464.493	249.9318	0.8095267	0.5511027	7.915465
4776	-8205.29	-8458.012	252.7219	0.9323784	0.590434	6.316559
4782	-8204.327	-8456.527	252.2001	0.9021238	0.5274287	6.66783
4788	-8207.167	-8459.233	252.0663	0.864055	0.6434023	6.66783
4794	-8218.303	-8470.359	252.0559	0.8705147	0.6911468	6.635183
4800	-8219.98	-8470.091	250.1103	0.7730762	0.6911437	7.73324
4806	-8223.792	-8475.38	251.5883	0.8603231	0.4620205	7.079069
4812	-8210.639	-8462.472	251.833	0.8117147	0.5950033	6.859193
4818	-8210.737	-8462.193	251.4553	0.8158461	0.6618996	7.009762
4824	-8204.929	-8456.382	251.4527	0.837445	0.6536128	7.005615
4830	-8210.668	-8461.764	251.0963	0.8108482	0.5635783	7.281259
4836	-8212.814	-8466.242	253.4277	0.8905126	0.5788965	5.964456
4842	-8206.627	-8459.715	253.0877	0.8707359	0.6789962	6.083806
4848	-8211.842	-8464.907	253.0656	0.9654211	0.6259927	6.083806
4854	-8199.794	-8453.127	253.333	0.9317468	0.6259927	5.956328
4860	-8205.267	-8457.757	252.4899	0.8638515	0.6259927	6.451781
4866	-8199.603	-8451.3	251.6967	0.8468469	0.609906	6.902084
4872	-8199.93	-8451.587	251.6567	0.7275258	0.604184	6.992345
4878	-8201.11	-8451.613	250.5028	0.7180019	0.6791226	7.561226
4884	-8199.459	-8450.793	251.3338	0.7247077	0.5735573	7.191859
4890	-8214.297	-8465.609	251.312	0.756627	0.5740442	7.186012
4896	-8231.01	-8481.876	250.866	0.7548188	0.5726196	7.427512
4902	-8236.421	-8487.684	251.2631	0.7502719	0.7139337	7.111554
4908	-8232.829	-8482.834	250.0046	0.6656303	0.6321735	7.889818
4914	-8224.335	-8474.376	250.0406	0.6577548	0.6218326	7.882566
4920	-8212.114	-8464.018	251.904	0.7466172	0.5602395	6.88402
4926	-8207.977	-8460.603	252.6261	0.8277753	0.6570158	6.374179
4932	-8209.884	-8461.037	251.1526	0.7822965	0.523932	7.299516
4938	-8222.53	-8472.762	250.2329	0.7759759	0.6515567	7.694539
4944	-8223.863	-8475.991	252.1282	0.8574275	0.5551314	6.70744
4950	-8221.13	-8472.25	251.1204	0.8158804	0.5664208	7.263278
4956	-8219.675	-8473.134	253.4589	0.9004471	0.512541	5.998313
4962	-8221.228	-8474.12	252.8925	0.8231593	0.512541	6.348539
4968	-8216.811	-8468.743	251.9318	0.7667706	0.5094566	6.901368
4974	-8205.582	-8457.654	252.0721	0.9039497	0.549162	6.717571
4980	-8201.869	-8454.313	252.4445	0.8145189	0.6505079	6.484635
4986	-8206.403	-8458.615	252.2125	0.8804899	0.6232123	6.595125
4992	-8200.453	-8452.461	252.0077	0.8501508	0.5860015	6.751299
4998	-8214.099	-8465.908	251.8088	0.8297816	0.5771948	6.876691
5004	-8220.038	-8471.047	251.0082	0.7977995	0.6711557	7.25314
5010	-8218.985	-8470.396	251.4111	0.785005	0.5400218	7.145521
5016	-8209.079	-8459.853	250.7737	0.7562731	0.6049563	7.450676
5022	-8209.971	-8461.395	251.4237	0.7532133	0.6402105	7.076508
5028	-8216.825	-8468.199	251.3742	0.7909978	0.5278314	7.172485
5034	-8214.104	-8465.789	251.6854	0.7482946	0.5789226	6.985733
5040	-8203.844	-8454.458	250.6133	0.7568933	0.6244332	7.52138
5046	-8204.983	-8455.605	250.6216	0.748551	0.6244332	7.52138
5052	-8203.279	-8454.82	251.5406	0.7293677	0.4958638	7.144127
5058	-8209.153	-8459.186	250.0327	0.7040619	0.5797323	7.894759
5064	-8218.495	-8470.235	251.7402	0.8517943	0.5963912	6.886521
5070	-8226.249	-8479.822	253.5727	0.8841164	0.6690284	5.819012
5076	-8212.381	-8465.234	252.8527	0.900516	0.6441852	6.221187
5082	-8194.956	-8447.085	252.1287	0.8706804	0.518972	6.730715
5088	-8204.927	-8456.395	251.4683	0.7891628	0.6279616	7.042341
5094	-8202.731	-8454.552	251.8207	0.7891628	0.6245858	6.855042
5100	-8213.721	-8464.906	251.1851	0.7317219	0.5935662	7.252022
5106	-8214.911	-8466.164	251.2532	0.705319	0.565595	7.252022
5112	-8207.795	-8459.754	251.9595	0.7685423	0.6315585	6.785983
5118	-8207.123	-8459.246	252.1226	0.8170106	0.5799782	6.71196
5124	-8218.964	-8470.395	251.4302	0.7674371	0.5913582	7.102866
5130	-8228.143	-8480.116	251.9733	0.7674371	0.6159279	6.791072
5136	-8225.437	-8478.092	252.6543	0.9112827	0.5234539	6.4204
5142	-8206.788	-8459.383	252.5943	0.8335981	0.509114	6.50761
5148	-8207.992	-8460.116	252.1241	0.8716052	0.694678	6.595155
5154	-8204.722	-8456.627	251.9053	0.8284136	0.6152508	6.795383
5160	-8205.112	-8457.698	252.5862	0.9118028	0.6444994	6.359563
5166	-8207.167	-8458.538	251.3714	0.8479284	0.6073315	7.078682
5172	-8213.041	-8464.307	251.2658	0.8041363	0.5160734	7.233811
5178	-8202.806	-8454.647	251.8411	0.861969	0.4896678	6.916591
5184	-8209.826	-8460.592	250.7658	0.8322866	0.4007645	7.595697
5190	-8198.922	-8450.697	251.7756	0.87058	0.6428457	6.821669
5196	-8210.531	-8463.202	252.6704	0.7797365	0.6154055	6.407686
5202	-8205.695	-8457.154	251.459	0.7565648	0.6376492	7.057625
5208	-8194.456	-8445.818	251.3621	0.7922673	0.5858081	7.130529
5214	-8199.342	-8451.537	252.1953	0.8715104	0.5906475	6.634706
5220	-8202.287	-8454.384	252.0979	0.8273552	0.6926918	6.634706
5226	-8212.087	-8463.66	251.5728	0.7985893	0.6782582	6.94393
5232	-8213.091	-8464.44	251.3498	0.7303997	0.5378652	7.209654
5238	-8214.247	-8466.621	252.3739	0.794694	0.5979609	6.573851
5244	-8204.409	-8455.728	251.3193	0.7416211	0.5979609	7.171186
5250	-8204.454	-8457.011	252.5566	0.7565235	0.6614457	6.447239
5256	-8209.052	-8462.023	252.9709	0.844718	0.5377464	6.272382
5262	-8203.954	-8454.931	250.977	0.7375909	0.5708493	7.378661
5268	-8211.119	-8463.37	252.2517	0.7880605	0.5670031	6.668386
5274	-8218.461	-8469.416	250.9544	0.7281378	0.5956237	7.376138
5280	-8208.651	-8459.544	250.8935	0.723303	0.6418838	7.376138
5286	-8207.675	-8458.628	250.9528	0.723303	0.6165006	7.363443
5292	-8210.248	-8461.333	251.0844	0.7916274	0.4872617	7.363443
5298	-8207.873	-8460.211	252.3381	0.7984117	0.5585923	6.623014
5304	-8204.635	-8456.571	251.9369	0.725602	0.6322541	6.820863
5310	-8209.552	-8461.629	252.0762	0.779677	0.6064794	6.736216
5316	-8208.487	-8461.553	253.0662	0.8164139	0.689001	6.117889
5322	-8209.903	-8461.338	251.4343	0.7760601	0.5302144	7.146177
5328	-8205.046	-8456.413	251.3665	0.7183465	0.6284728	7.134816
5334	-8202.02	-8455.078	253.0572	0.8674696	0.5668584	6.188703
5340	-8196.665	-8449.52	252.8556	0.8674696	0.6423669	6.238952
5346	-8199.278	-8450.029	250.751	0.8060929	0.5779406	7.457408
5352	-8194.849	-8445.251	250.402	0.758512	0.5794046	7.668596
5358	-8201.664	-8453.342	251.6781	0.7578565	0.5130093	7.039712
5364	-8197.473	-8448.746	251.2731	0.7578565	0.5541564	7.222492
5370	-8195.599	-8446.94	251.3407	0.7712228	0.5621938	7.172389
5376	-8204.559	-8455.712	251.1538	0.7728907	0.5621938	7.271909
5382	-8203.322	-8453.932	250.6093	0.7354123	0.6082603	7.547381
5388	-8204.515	-8457.234	252.7195	0.8138043	0.5029198	6.455978
5394	-8204.224	-8454.881	250.657	0.8251669	0.5453704	7.524166
5400	-8205.182	-8456.87	251.6886	0.762361	0.6122852	6.950136
5406	-8224.936	-8476.612	251.6755	0.7748909	0.6122852	6.950422
5412	-8217.336	-8470.074	252.7384	0.7988412	0.7081564	6.292149
5418	-8211.446	-8463.069	251.6228	0.7828172	0.5646294	7.012417
5424	-8205.432	-8456.832	251.3997	0.746402	0.5826557	7.137483
5430	-8211.494	-8462.983	251.4888	0.8333346	0.5926305	7.034831
5436	-8225.655	-8478.417	252.7621	0.7778782	0.5921753	6.377205
5442	-8212.412	-8462.94	250.5284	0.767281	0.6250607	7.560826
5448	-8209.163	-8460.393	251.2303	0.6897316	0.6459414	7.210351
5454	-8211.655	-8462.166	250.5112	0.7102748	0.6459414	7.584958
5460	-8212.014	-8463.85	251.8361	0.75581	0.6001126	6.883631
5466	-8217.032	-8468.111	251.0795	0.7069516	0.5885791	7.325935
5472	-8220.616	-8471.838	251.2219	0.7069516	0.5885791	7.249492
5478	-8232.435	-8482.488	250.0529	0.7023083	0.832923	7.708925
5484	-8223.464	-8473.874	250.4099	0.7505828	0.4926386	7.741735
5490	-8212.864	-8463.066	250.2013	0.7334409	0.6412701	7.741735
5496	-8200.881	-8451.474	250.5935	0.7740632	0.6597114	7.496588
5502	-8192.39	-8443.076	250.6869	0.77107	0.642688	7.460693
5508	-8191.535	-8443.069	251.5333	0.7653714	0.5399057	7.090504
5514	-8185.037	-8435.858	250.8213	0.826879	0.5386171	7.440833
5520	-8187.589	-8439.894	252.3051	0.8070733	0.5523199	6.641362
5526	-8201.215	-8453.469	252.2545	0.8911125	0.5309224	6.641362
5532	-8200.154	-8452.613	252.4589	0.7963502	0.5989259	6.526191
5538	-8208.259	-8459.692	251.4323	0.7628692	0.6035264	7.094644
5544	-8216.833	-8467.622	250.789	0.8282475	0.5371545	7.458675
5550	-8220.88	-8474.219	253.3389	0.9383024	0.4640782	6.087556
5556	-8212.013	-8464.929	252.9164	0.8683559	0.6808189	6.17703
5562	-8222.579	-8475.922	253.3429	0.8618745	0.6240856	5.990522
5568	-8212.055	-8464.324	252.2692	0.8618745	0.5879273	6.602127
5574	-8210.115	-8462.376	252.2616	0.8980544	0.5303778	6.634225
5580	-8199.35	-8450.4	251.0508	0.8252833	0.5293892	7.326433
5586	-8212.303	-8463.563	251.2603	0.8252833	0.5794646	7.172534
5592	-8206.702	-8457.283	250.5818	0.7494292	0.5924535	7.566903
5598	-8208.096	-8459.287	251.1908	0.7398553	0.6059395	7.234946
5604	-8203.591	-8455.647	252.0557	0.7931724	0.6059395	6.74041
5610	-8199.842	-8451.457	251.615	0.8035517	0.5521782	7.015719
5616	-8196.571	-8448.147	251.5764	0.7259446	0.5504736	7.079658
5622	-8205.665	-8456.705	251.0396	0.7279692	0.5230333	7.390065
5628	-8216.966	-8467.929	250.9625	0.7279692	0.6439352	7.335053
5634	-8214.745	-8465.319	250.5744	0.7563789	0.5499253	7.601415
5640	-8218.658	-8469.397	250.7391	0.6352895	0.6276963	7.516688
5646	-8213.537	-8463.782	250.2459	0.7168538	0.5313057	7.813793
5652	-8208.927	-8458.91	249.9831	0.7768177	0.6168841	7.853495
5658	-8198.103	-8449.282	251.1789	0.7636627	0.6141195	7.222231
5664	-8197.996	-8449.175	251.1793	0.7583661	0.6175546	7.222231
5670	-8212.412	-8463.535	251.1221	0.7820692	0.5983543	7.255083
5676	-8209.17	-8461.018	251.8482	0.7907669	0.5983543	6.859643
5682	-8203.72	-8454.764	251.0441	0.7420684	0.5983543	7.318441
5688	-8201.889	-8452.345	250.456	0.6773049	0.5636568	7.695773
5694	-8201.847	-8453.819	251.9713	0.8331941	0.5419828	6.816211
5700	-8207.039	-8456.866	249.8277	0.7399309	0.4828219	8.066984
5706	-8204.196	-8455.65	251.4537	0.7644712	0.5224737	7.148612
5712	-8215.043	-8466.098	251.0552	0.7319731	0.6461631	7.281529
5718	-8205.181	-8455.889	250.7074	0.7907466	0.6271367	7.45076
5724	-8204.606	-8455.122	250.5159	0.764386	0.6174579	7.574829
5730	-8209.413	-8460.72	251.3069	0.773546	0.5727176	7.180722
5736	-8210.658	-8463.445	252.7872	0.8248538	0.6132974	6.321459
5742	-8215.217	-8466.045	250.8284	0.7615378	0.5698535	7.446324
5748	-8224.425	-8476.421	251.9967	0.8511617	0.5930022	6.751125
5754	-8227.093	-8479.909	252.816	0.7680369	0.5930022	6.352605
5760	-8217.044	-8469.193	252.1495	0.8111395	0.5930022	6.690241
5766	-8208.433	-8459.659	251.2263	0.8234169	0.6177052	7.161881
5772	-8211.253	-8462.747	251.4937	0.7857044	0.5895243	7.060312
5778	-8207.414	-8457.895	250.4815	0.7700176	0.5893459	7.612003
5784	-8214.123	-8465.055	250.9319	0.731046	0.4884474	7.476613
5790	-8203.01	-8453.895	250.8844	0.758244	0.5702392	7.417772
5796	-8205.386	-8457.209	251.8233	0.8493962	0.621887	6.82322
5802	-8212.383	-8463.323	250.9407	0.7596827	0.6749929	7.307124
5808	-8212.62	-8463.783	251.163	0.7093095	0.5272016	7.330303
5814	-8216.391	-8468.389	251.9974	0.8162656	0.5789836	6.780807
5820	-8221.212	-8473.231	252.0182	0.8162656	0.5651154	6.780807
5826	-8223.21	-8473.904	250.6946	0.7174165	0.6206587	7.501821
5832	-8230.582	-8481.283	250.7009	0.7958873	0.6021992	7.470579
5838	-8234.658	-8485.043	250.3856	0.7830456	0.4743228	7.753919
5844	-8224.435	-8475.319	250.8834	0.781684	0.6473798	7.346126
5850	-8227.065	-8479.656	252.591	0.9149027	0.5529856	6.427653
5856	-8226.107	-8479.369	253.2618	0.8708269	0.6134128	6.038173
5862	-8216.353	-8468.836	252.4832	0.8708269	0.716736	6.385583
5868	-8221.226	-8474.057	252.8304	0.855599	0.716736	6.205305
5874	-8201.821	-8453.208	251.3874	0.7887736	0.6458114	7.072689
5880	-8209.468	-8462.157	252.6891	0.9049844	0.6770964	6.283363
5886	-8208.755	-8461.518	252.7637	0.9049844	0.6233879	6.282915
5892	-8222.94	-8477.007	254.0662	0.9534685	0.6064929	5.558198
5898	-8225.288	-8480.693	255.4048	0.9689594	0.6064929	4.808743
5904	-8217.327	-8471.603	254.2759	0.9774986	0.4930393	5.526414
5910	-8216.891	-8470.834	253.9432	0.8243599	0.6609411	5.654816
5916	-8208.157	-8460.87	252.7121	0.8801958	0.8114503	6.19331
5922	-8198.612	-8449.425	250.813	0.7915966	0.5245071	7.476214
5928	-8207.151	-8459.418	252.2672	0.8494512	0.4963004	6.687424
5934	-8216.573	-8467.443	250.8695	0.7689625	0.6056109	7.392003
5940	-8197.824	-8448.937	251.1137	0.8202345	0.6424502	7.205446
5946	-8204.11	-8455.777	251.6669	0.8203749	0.486082	7.03605
5952	-8211.507	-8463.692	252.1844	0.8203749	0.6017804	6.659434
5958	-8210.173	-8462.271	252.0985	0.8088798	0.6716843	6.659434
5964	-8214.199	-8465.438	251.2395	0.7839927	0.507565	7.266188
5970	-8205.525	-8456.955	251.4297	0.7721584	0.5269986	7.153511
5976	-8205.797	-8457.504	251.7069	0.7635774	0.5804463	6.964666
5982	-8205.998	-8457.048	251.0499	0.6891354	0.5499551	7.382688
5988	-8215.707	-8466.532	250.8251	0.7317187	0.5958596	7.443395
5994	-8206.396	-8457.184	250.7876	0.7598573	0.5547268	7.481416
6000	-8205.149	-8456.968	251.8186	0.7535353	0.5711713	6.917373
6006	-8201.327	-8452.699	251.3722	0.7514793	0.57473	7.155911
6012	-8207.119	-8457.731	250.6127	0.6652018	0.6287532	7.567517
6018	-8213.872	-8463.999	250.1266	0.7458	0.5822674	7.820284
6024	-8210.639	-8461.931	251.2919	0.7458	0.6997571	7.108353
6030	-8214.457	-8467.361	252.9045	0.8912448	0.6000367	6.232044
6036	-8204.828	-8455.539	250.7111	0.8033845	0.5600591	7.494684
6042	-8204.165	-8456.705	252.5406	0.7960016	0.5580357	6.515153
6048	-8210.61	-8462.841	252.2309	0.7348194	0.5580357	6.715753
6054	-8214.962	-8466.995	252.0327	0.7665942	0.6398425	6.741311
6060	-8211.149	-8462.231	251.082	0.836713	0.5797505	7.261987
6066	-8215.385	-8466.327	250.9422	0.7360479	0.5716357	7.397518
6072	-8207.432	-8459.462	252.0301	0.7978289	0.5851789	6.768134
6078	-8202.41	-8455.09	252.6797	0.8516375	0.5391162	6.425533
6084	-8209.608	-8461.658	252.0507	0.8120836	0.6564125	6.694668
6090	-8209.599	-8460.313	250.7134	0.8006866	0.5733054	7.484185
6096	-8217.117	-8469.62	252.5023	0.8006866	0.6060944	6.494686
6102	-8215.114	-8467.607	252.4927	0.803563	0.5854504	6.514697
6108	-8206.683	-8458.018	251.3352	0.8025123	0.6719726	7.074259
6114	-8208.82	-8460.067	251.2462	0.745444	0.6719726	7.152803
6120	-8207.225	-8458.263	251.0384	0.7463257	0.5979975	7.319482
6126	-8214.709	-8465.301	250.592	0.7275839	0.5802745	7.582768
6132	-8208.832	-8459.563	250.7309	0.7555601	0.5376944	7.528282
6138	-8211.335	-8462.025	250.6905	0.7394406	0.5745387	7.528282
6144	-8206.665	-8457.848	251.1829	0.6545297	0.61402	7.278739
6150	-8208.142	-8458.754	250.6123	0.8097229	0.6792563	7.453326
6156	-8214.373	-8465.054	250.6805	0.7243121	0.5815751	7.53609
6162	-8213.962	-8463.779	249.8167	0.7536217	0.6050739	7.963714
6168	-8218.039	-8468.698	250.6593	0.7558172	0.5647175	7.544119
6174	-8213.376	-8465.2	251.8242	0.7861047	0.6028762	6.871554
6180	-8207.85	-8458.891	251.0411	0.754472	0.6736997	7.256919
6186	-8206.04	-8457.085	251.0449	0.7900979	0.5340816	7.344471
6192	-8204.688	-8456.749	252.0617	0.8043326	0.5557902	6.771465
6198	-8211.642	-8464.203	252.561	0.8463042	0.4774973	6.547326
6204	-8222.782	-8475.755	252.9735	0.8474917	0.6037944	6.215383
6210	-8231.346	-8483.168	251.8219	0.8798646	0.5894334	6.832821
6216	-8223.05	-8475.412	252.3618	0.8798646	0.5736179	6.553762
6222	-8223.812	-8475.602	251.7905	0.8798646	0.4951875	6.929235
6228	-8222.965	-8475.34	252.3748	0.8230534	0.5877628	6.56612
6234	-8212.212	-8465.174	252.9611	0.8905165	0.5630796	6.231545
6240	-8210.753	-8462.455	251.7021	0.7826944	0.5335399	6.99568
6246	-8218.675	-8470.559	251.8842	0.7908963	0.5963034	6.841777
6252	-8218.3	-8469.394	251.0945	0.8169883	0.5186892	7.316645
6258	-8207.484	-8458.029	250.5448	0.8098478	0.5940735	7.553069
6264	-8199.164	-8450.992	251.8287	0.8247558	0.7087839	6.770244
6270	-8202.078	-8453.948	251.8704	0.7480388	0.6438582	6.835891
6276	-8205.232	-8457.115	251.8836	0.7534966	0.6774072	6.801286
6282	-8202.186	-8454.667	252.4817	0.8206105	0.618242	6.485609
6288	-8198.436	-8449.979	251.5429	0.8231099	0.5370231	7.05667
6294	-8199.191	-8450.211	251.0199	0.78913	0.5808332	7.320002
6300	-8205.015	-8456.784	251.7693	0.78913	0.502554	6.98296
6306	-8196.921	-8447.627	250.7057	0.7835131	0.6472326	7.44058
6312	-8196.437	-8447.578	251.1401	0.7943021	0.5785859	7.254499
6318	-8200.049	-8452.168	252.1187	0.8239775	0.5663729	6.72135
6324	-8206.111	-8458.571	252.4605	0.8239775	0.6926126	6.440283
6330	-8206.243	-8458.446	252.2038	0.8327803	0.7678859	6.523071
6336	-8212.306	-8465.068	252.7619	0.8131885	0.5513212	6.391504
6342	-8207.221	-8460.084	252.8625	0.8165602	0.5543957	6.33249
6348	-8205.583	-8457.261	251.6781	0.7183324	0.5294914	7.046725
6354	-8207.261	-8458.063	250.8021	0.7294826	0.6266271	7.433217
6360	-8206.53	-8457.356	250.8264	0.7219943	0.6148003	7.433217
6366	-8217.807	-8468.24	250.4325	0.7056794	0.52611	7.724468
6372	-8210.025	-8459.753	249.7282	0.7488608	0.5512592	8.056333
6378	-8210.039	-8461.099	251.0597	0.7522147	0.6741008	7.24784
6384	-8216.065	-8467.728	251.6628	0.8310126	0.5458871	6.9804
6390	-8219.117	-8470.839	251.7216	0.8321189	0.5808105	6.919547
6396	-8210.193	-8460.322	250.1286	0.813301	0.5978409	7.770908
6402	-8212.318	-8462.575	250.2563	0.6912208	0.5934374	7.77138
6408	-8219.227	-8470.084	250.8571	0.8037547	0.6343012	7.358121
6414	-8225.35	-8476.358	251.008	0.7412068	0.5733431	7.358121
6420	-8216.014	-8466.503	250.4893	0.7412068	0.5600332	7.646744
6426	-8201.89	-8452.628	250.7375	0.7866312	0.5172467	7.525548
6432	-8203.005	-8454.02	251.015	0.7572219	0.543582	7.370169
6438	-8206.609	-8457.37	250.7607	0.8015961	0.6904769	7.370169
6444	-8211.937	-8462.068	250.1308	0.7711901	0.6461461	7.755682
6450	-8211.806	-8462.117	250.311	0.7597785	0.5317531	7.755682
6456	-8205.878	-8456.036	250.1572	0.7597785	0.6260335	7.762629
6462	-8204.385	-8454.656	250.2705	0.7785576	0.510956	7.785123
6468	-8210.239	-8461.167	250.9281	0.8575521	0.6101317	7.309538
6474	-8210.283	-8462.959	252.6761	0.7835138	0.6253308	6.394895
6480	-8223.438	-8474.26	250.8218	0.8582857	0.5631305	7.403455
6486	-8218.273	-8469.27	250.9967	0.7720287	0.5833823	7.339567
6492	-8212.154	-8462.658	250.5036	0.7773609	0.6403136	7.557238
6498	-8208.569	-8459.307	250.738	0.8270721	0.5812155	7.450527
6504	-8209.125	-8460.952	251.8278	0.8965616	0.5270806	6.872152
6510	-8205.696	-8458.281	252.5854	0.8461105	0.5285715	6.488637
6516	-8212.282	-8466.304	254.022	0.9019261	0.5120195	5.690084
6522	-8209.318	-8461.044	251.7263	0.8566921	0.6555769	6.846323
6528	-8205.241	-8456.381	251.1407	0.7699657	0.6198198	7.234977
6534	-8202.185	-8453.511	251.3264	0.7434673	0.6860829	7.100669
6540	-8202.614	-8455.05	252.4352	0.7989691	0.5691921	6.561438
6546	-8208.748	-8460.36	251.6125	0.7838378	0.6750499	6.93279
6552	-8213.011	-8464.07	251.0596	0.8212918	0.6155946	7.254233
6558	-8217.368	-8468.317	250.9484	0.736548	0.548414	7.412959
6564	-8206.601	-8457.406	250.805	0.736548	0.552047	7.486825
6570	-8205.33	-8456.035	250.7051	0.7800943	0.589429	7.486825
6576	-8195.111	-8446.264	251.1523	0.7549713	0.6581029	7.208249
6582	-8199.966	-8451.196	251.2309	0.7004956	0.5713229	7.261941
6588	-8207.562	-8458.628	251.0661	0.7738493	0.5480274	7.330148
6594	-8204.924	-8455.544	250.6203	0.7899982	0.6250011	7.499447
6600	-8202.054	-8452.718	250.6633	0.7790687	0.6025873	7.499447
6606	-8199.006	-8450.79	251.7833	0.7790687	0.536245	6.951605
6612	-8211.391	-8462.79	251.3991	0.7715885	0.543798	7.156049
6618	-8219.137	-8470.735	251.5986	0.7516076	0.6426769	6.981342
6624	-8221.44	-8472.084	250.6435	0.7774889	0.6909049	7.445671
6630	-8227.701	-8478.649	250.9482	0.7542057	0.558089	7.395598
6636	-8223.797	-8475.342	251.5451	0.7666462	0.5952329	7.038376
6642	-8226.711	-8476.779	250.0673	0.7365882	0.6084434	7.836426
6648	-8222.771	-8473.677	250.9058	0.789695	0.5393228	7.4149
6654	-8215.389	-8466.974	251.5846	0.7616801	0.5983837	7.017323
6660	-8220.585	-8472.291	251.7052	0.7616801	0.5838262	6.963909
6666	-8212.252	-8463.168	250.9157	0.7337937	0.6191498	7.375705
6672	-8212.654	-8463.619	250.9652	0.7337937	0.5850317	7.375705
6678	-8215.589	-8465.767	250.178	0.7281108	0.5354433	7.840523
6684	-8211.134	-8463.073	251.9385	0.7878936	0.7075849	6.73168
6690	-8206.716	-8458.03	251.3145	0.7136077	0.5566149	7.22202
6696	-8214.896	-8465.793	250.8971	0.8069359	0.6046387	7.357605
6702	-8218.995	-8469.437	250.4419	0.6942427	0.5901191	7.673123
6708	-8214.396	-8465.13	250.7338	0.7647184	0.6038736	7.46838
6714	-8207.302	-8457.801	250.4997	0.7853788	0.5831605	7.598949
6720	-8198.575	-8449.605	251.0301	0.7483579	0.6112266	7.312572
6726	-8204.856	-8456.558	251.7025	0.8585969	0.6189165	6.885679
6732	-8207.524	-8459.136	251.6114	0.9402184	0.6256113	6.885679
6738	-8213.513	-8466.336	252.8226	0.9376575	0.6797284	6.191134
6744	-8212.263	-8464.632	252.369	0.9116738	0.6084367	6.504971
6750	-8201.613	-8451.689	250.0757	0.7434372	0.6084367	7.82832
6756	-8202.918	-8452.992	250.074	0.7933302	0.5755709	7.82832
6762	-8215.836	-8466.74	250.9046	0.772946	0.6868745	7.310886
6768	-8218.018	-8468.87	250.8524	0.7970835	0.6131081	7.38032
6774	-8215.123	-8466.768	251.6443	0.8102926	0.6404082	6.926825
6780	-8208.063	-8460.555	252.492	0.8114667	0.5834297	6.512396
6786	-8204.476	-8456.145	251.6692	0.8957081	0.5948139	6.90239
6792	-8200.014	-8453.951	253.9369	0.9727496	0.7524011	5.511806
6798	-8203.951	-8455.799	251.8476	0.8722344	0.6274906	6.793526
6804	-8202.775	-8454.354	251.5792	0.8060884	0.5333092	7.049466
6810	-8200.395	-8452.428	252.0326	0.7915801	0.6113228	6.749593
6816	-8200.414	-8452.319	251.9055	0.6861349	0.5667094	6.910487
6822	-8204.133	-8456.123	251.9898	0.8452961	0.5643887	6.781077
6828	-8210.066	-8461.457	251.3912	0.7966349	0.6495016	7.063678
6834	-8198.75	-8450.315	251.5644	0.7966349	0.5319137	7.063678
6840	-8203.953	-8455.17	251.2162	0.7327417	0.5621515	7.259955
6846	-8206.465	-8458.73	252.2647	0.8202293	0.6914065	6.549197
6852	-8207.945	-8460.469	252.5239	0.8678928	0.7005125	6.37648
6858	-8200.939	-8453.208	252.269	0.8705431	0.5603692	6.619861
6864	-8202.748	-8455.111	252.3622	0.7553934	0.5603692	6.631743
6870	-8200.832	-8453.278	252.4458	0.7615486	0.4997164	6.635326
