Iteration	Posterior	Likelihood	Prior	rate_log_sd	rate_neo	tree_length
0	-8198.058	-8450.55	252.4915	0.8126073	0.5601475	6.530998
6	-8191.661	-8443.183	251.5228	0.783188	0.5399845	7.086471
12	-8196.164	-8447.623	251.4597	0.7526799	0.6367115	7.06003
18	-8191.409	-8443.775	252.3659	0.7948936	0.633785	6.550376
24	-8191.443	-8442.664	251.2219	0.7774716	0.6034204	7.200002
30	-8199.842	-8451.71	251.8684	0.7185057	0.6964357	6.814834
36	-8207.484	-8458.116	250.6319	0.7442774	0.5771013	7.555007
42	-8208.202	-8458.996	250.7945	0.8147341	0.7098784	7.33147
48	-8204.462	-8456.875	252.4127	0.8380201	0.5415413	6.575473
54	-8203.955	-8456.886	252.9318	0.8730105	0.5777109	6.245026
60	-8198.295	-8450.664	252.3698	0.8689561	0.5643062	6.562964
66	-8201.9	-8455.485	253.5855	0.8989566	0.5637194	5.886163
72	-8205.375	-8456.657	251.2818	0.8729384	0.5637194	7.148107
78	-8199.957	-8451.643	251.6862	0.8212162	0.6223191	6.912002
84	-8205.233	-8456.966	251.7327	0.7957994	0.7221257	6.828476
90	-8194.228	-8446.373	252.1456	0.8458765	0.6068663	6.662634
96	-8200.905	-8453.435	252.5299	0.7858648	0.5882632	6.50185
102	-8218.516	-8468.501	249.9852	0.6801247	0.5060007	7.994315
108	-8204.529	-8456.175	251.6465	0.7703778	0.5060007	7.056114
114	-8201.359	-8452.251	250.8917	0.6877964	0.5719853	7.4502
120	-8209.707	-8461.201	251.4933	0.6722931	0.6970819	7.041422
126	-8220.354	-8471.688	251.3334	0.74948	0.723662	7.067495
132	-8218.47	-8468.04	249.5696	0.7275174	0.5608536	8.144329
138	-8214.254	-8465.149	250.896	0.7611141	0.5608917	7.417603
144	-8207.979	-8460.021	252.0423	0.8359791	0.5044995	6.808832
150	-8213.092	-8465.109	252.0168	0.8159181	0.532757	6.808832
156	-8217.002	-8468.863	251.8617	0.842869	0.6182265	6.808832
162	-8227.114	-8478.327	251.2125	0.8056829	0.6864994	7.128196
168	-8227.375	-8478.808	251.4332	0.718259	0.5907307	7.128196
174	-8225.855	-8477.029	251.1745	0.7639168	0.63294	7.210155
180	-8212.371	-8463.933	251.5617	0.785121	0.6141667	7.004775
186	-8215.934	-8467.414	251.4798	0.7402712	0.529776	7.141355
192	-8217.173	-8469.401	252.2288	0.8178485	0.6165994	6.625305
198	-8212.892	-8465.362	252.4698	0.8017663	0.6414382	6.48463
204	-8209.853	-8460.778	250.9248	0.7257597	0.5654814	7.417378
210	-8204.317	-8454.951	250.6338	0.7382764	0.622302	7.522005
216	-8212.352	-8464.842	252.4899	0.8223058	0.6534552	6.453664
222	-8217.001	-8467.026	250.0246	0.7580068	0.5653432	7.881811
228	-8212.044	-8462.297	250.2532	0.7580068	0.6005573	7.731753
234	-8205.22	-8455.54	250.32	0.7320872	0.5664004	7.736994
240	-8200.253	-8452.074	251.8211	0.7738373	0.6172036	6.868759
246	-8196.822	-8448.49	251.6677	0.8415296	0.6172036	6.914954
252	-8204.852	-8454.696	249.8448	0.7427138	0.5412876	8.005668
258	-8206.39	-8458.524	252.1343	0.7663077	0.6396498	6.686699
264	-8200.107	-8450.358	250.2502	0.6603793	0.5594368	7.81826
270	-8219.606	-8469.688	250.0824	0.7021645	0.599185	7.853943
276	-8214.682	-8464.731	250.0494	0.7700665	0.564473	7.862821
282	-8228.279	-8478.59	250.3114	0.8315536	0.6317022	7.637527
288	-8211.491	-8462.808	251.3173	0.7488793	0.5380563	7.217005
294	-8209.387	-8462.769	253.3814	0.8534012	0.5121374	6.066588
300	-8192.86	-8444.327	251.4668	0.8108677	0.5722724	7.075068
306	-8187.107	-8438.233	251.1252	0.6779872	0.5801145	7.323705
312	-8194.049	-8447.19	253.1418	0.8728288	0.527751	6.172806
318	-8192.702	-8445.52	252.8186	0.8934025	0.5565319	6.312862
324	-8195.713	-8448.043	252.33	0.8597523	0.5918341	6.567228
330	-8195.339	-8445.91	250.5703	0.6897307	0.5089052	7.674157
336	-8193.724	-8444.313	250.5892	0.6897307	0.5533327	7.62637
342	-8201.411	-8451.951	250.5398	0.7072311	0.5742748	7.62637
348	-8214.463	-8464.952	250.4893	0.7577726	0.5742748	7.62637
354	-8207.311	-8458.572	251.2607	0.7615247	0.5980877	7.191881
360	-8195.838	-8446.789	250.9503	0.747503	0.5039934	7.444084
366	-8207.663	-8458.548	250.8856	0.8121375	0.5039934	7.444084
372	-8214.532	-8467.067	252.5351	0.8391316	0.5782039	6.478274
378	-8210.659	-8461.9	251.2406	0.7350417	0.6378936	7.186412
384	-8204.666	-8456.008	251.3425	0.7481169	0.5590393	7.186412
390	-8203.989	-8454.628	250.6389	0.736643	0.6557602	7.495229
396	-8215.621	-8467.883	252.2615	0.8816124	0.5572515	6.620527
402	-8211.969	-8462.249	250.28	0.7117196	0.5903013	7.750184
408	-8213.07	-8464.011	250.9413	0.7403974	0.6285046	7.351315
414	-8212.548	-8464.726	252.1779	0.8010077	0.5528524	6.712939
420	-8224.704	-8477.01	252.3066	0.9018105	0.5587304	6.58399
426	-8209.98	-8461.942	251.9622	0.81634	0.5587304	6.816238
432	-8209.299	-8461.635	252.3368	0.8232539	0.5408116	6.625142
438	-8214.029	-8465.944	251.9149	0.7885533	0.560922	6.854943
444	-8214.582	-8466.442	251.8593	0.7410462	0.6603367	6.833498
450	-8199.905	-8450.902	250.9963	0.7843142	0.4958816	7.406848
456	-8200.316	-8452.652	252.3351	0.8351819	0.5012588	6.653974
462	-8201.49	-8453.26	251.77	0.8401664	0.6365591	6.845809
468	-8202.234	-8453.284	251.0499	0.8104085	0.5548334	7.313572
474	-8198.833	-8451.053	252.22	0.8419176	0.5848173	6.641985
480	-8199.695	-8450.806	251.1113	0.6907011	0.5906126	7.315974
486	-8202.174	-8452.848	250.674	0.6907011	0.6129616	7.533033
492	-8219.393	-8471.225	251.8319	0.7647809	0.6458143	6.846159
498	-8208.124	-8459.986	251.8623	0.787499	0.6081513	6.846159
504	-8215.754	-8469.109	253.3551	0.851832	0.6081513	6.001781
510	-8216.406	-8469.536	253.1302	0.9141794	0.6672364	6.045537
516	-8214.164	-8465.461	251.2974	0.8704199	0.7531071	7.001922
522	-8214.026	-8465.598	251.5725	0.8739414	0.550716	7.001922
528	-8212.738	-8464.3	251.5615	0.877186	0.6037481	6.9634
534	-8216.25	-8468.141	251.8913	0.8513929	0.5248957	6.86412
540	-8207.25	-8458.14	250.89	0.8513929	0.6143039	7.330117
546	-8208.193	-8459.201	251.0083	0.8513929	0.5827757	7.291236
552	-8220.426	-8473.107	252.6819	0.8770703	0.6540625	6.319356
558	-8224.924	-8478.375	253.4518	0.9256565	0.5910107	5.922305
564	-8209.649	-8461.749	252.0995	0.8083975	0.6117572	6.704025
570	-8217.038	-8468.16	251.1228	0.8239483	0.6746046	7.17508
576	-8220.852	-8472.011	251.1594	0.7043091	0.5765095	7.294086
582	-8226.131	-8475.715	249.5843	0.6337556	0.6000139	8.155412
588	-8220.563	-8471.098	250.5352	0.7424683	0.5935197	7.594724
594	-8222.651	-8472.778	250.1275	0.8384723	0.6355329	7.729353
600	-8215.195	-8467.219	252.0247	0.8452911	0.6774004	6.675509
606	-8216.859	-8468.575	251.716	0.8365671	0.666447	6.854801
612	-8219.062	-8471.388	252.3265	0.8182253	0.5954601	6.588706
618	-8213.714	-8464.829	251.115	0.8258698	0.6402061	7.20337
624	-8222.578	-8474.178	251.6	0.7833408	0.6686233	6.944465
630	-8223.016	-8473.775	250.7592	0.7522556	0.6756661	7.407971
636	-8230.335	-8481.223	250.8875	0.7570965	0.6423092	7.360862
642	-8224.07	-8474.334	250.2648	0.7650236	0.588223	7.731479
648	-8218.322	-8469.373	251.0518	0.7730168	0.6259515	7.27645
654	-8226.25	-8477.809	251.5589	0.8509242	0.5930938	6.987279
660	-8218.301	-8469.404	251.1026	0.7200808	0.6790662	7.23853
666	-8215.151	-8465.833	250.6825	0.7689054	0.6790662	7.437731
672	-8211.649	-8462.837	251.1885	0.7805769	0.6790662	7.159867
678	-8229.018	-8478.747	249.729	0.7985285	0.5376417	8.040711
684	-8216.402	-8467.963	251.5603	0.7620566	0.5790747	7.04552
690	-8206.02	-8458.174	252.154	0.7616576	0.5572263	6.743461
696	-8200.765	-8453.295	252.5297	0.9062522	0.5572263	6.462004
702	-8197.53	-8449.221	251.6909	0.7799272	0.6664709	6.898881
708	-8198.41	-8448.463	250.0538	0.6921624	0.5740221	7.894401
714	-8201.301	-8450.794	249.493	0.6921624	0.6612092	8.127173
720	-8210.238	-8461.236	250.9974	0.809601	0.6092842	7.298771
726	-8198.735	-8449.492	250.7574	0.809601	0.6092842	7.427489
732	-8200.494	-8452.475	251.9819	0.7909853	0.6255	6.766372
738	-8205.13	-8456.718	251.5886	0.7722599	0.6255	6.988563
744	-8214.872	-8466.365	251.4932	0.837176	0.599658	7.024908
750	-8211.504	-8462.923	251.4196	0.8430804	0.567729	7.0868
756	-8210.2	-8461.336	251.1352	0.7851826	0.6512969	7.206175
762	-8204.221	-8456.471	252.25	0.7918621	0.6157708	6.628483
768	-8198.354	-8450.278	251.9242	0.8131021	0.6147029	6.793851
774	-8198.815	-8451.255	252.4396	0.814056	0.5603585	6.558153
780	-8207.045	-8457.601	250.5559	0.7701453	0.5603585	7.595378
786	-8216.382	-8467.002	250.6203	0.7394705	0.6072679	7.54006
792	-8215.003	-8465.127	250.1233	0.7744444	0.7313039	7.697941
798	-8205.237	-8455.577	250.3403	0.7430747	0.5944208	7.697941
804	-8201.738	-8453	251.2618	0.800034	0.5944208	7.173437
810	-8198.743	-8449.455	250.7115	0.8040738	0.5796453	7.478294
816	-8201.627	-8453.808	252.1815	0.8276536	0.5886607	6.667462
822	-8198.805	-8450.851	252.0457	0.8199737	0.5886607	6.744959
828	-8204.076	-8455.033	250.9563	0.7215536	0.6115288	7.366299
834	-8232.026	-8483.073	251.0471	0.8054207	0.6888767	7.215518
840	-8222.517	-8473.974	251.4568	0.7999326	0.5547068	7.100707
846	-8208.078	-8460.733	252.6546	0.83072	0.532198	6.456408
852	-8230.399	-8482.125	251.7268	0.8164554	0.6307293	6.886295
858	-8214.674	-8465.752	251.0785	0.8164554	0.5544847	7.295235
864	-8213.836	-8465.585	251.7495	0.8618008	0.5791072	6.889846
870	-8211.55	-8462.58	251.0294	0.7579391	0.5718293	7.338854
876	-8211.155	-8462.213	251.0582	0.7892731	0.501241	7.366222
882	-8209.359	-8460.374	251.0149	0.7658806	0.5857908	7.331195
888	-8199.114	-8449.989	250.8743	0.7443188	0.6519763	7.367665
894	-8208.829	-8461.58	252.7516	0.8485071	0.5961246	6.341403
900	-8201.754	-8454.049	252.2955	0.8023824	0.6257179	6.590584
906	-8193.335	-8445.341	252.0056	0.7733479	0.5617549	6.813525
912	-8190.805	-8442.889	252.0837	0.7755099	0.6295	6.716731
918	-8204.202	-8455.221	251.0189	0.6974972	0.5216341	7.418746
924	-8216.225	-8467.196	250.9707	0.7087854	0.6042042	7.371117
930	-8205.824	-8457.713	251.8887	0.8531302	0.5819881	6.817149
936	-8197.088	-8449.095	252.0069	0.7349065	0.5819881	6.817149
942	-8203.993	-8455.848	251.8549	0.8507014	0.749671	6.714164
948	-8199.195	-8451.077	251.8816	0.8341104	0.6597813	6.771618
954	-8205.669	-8457.605	251.9364	0.8249855	0.5520715	6.831036
960	-8213.156	-8465.002	251.8458	0.7601638	0.6595719	6.831036
966	-8208.899	-8458.885	249.9863	0.7135389	0.6711184	7.84552
972	-8198.833	-8450.39	251.5567	0.7947396	0.5444602	7.058273
978	-8190.868	-8442.226	251.3581	0.732487	0.5703655	7.177214
984	-8197.344	-8447.654	250.3105	0.7476601	0.6566141	7.664482
990	-8213.502	-8465.194	251.6921	0.8118622	0.6311569	6.907185
996	-8203.498	-8454.789	251.2915	0.7558527	0.5883094	7.186071
1002	-8202.865	-8454.133	251.2673	0.7982564	0.5571925	7.201423
1008	-8202.041	-8453.338	251.2969	0.7375164	0.577743	7.201423
1014	-8191.826	-8443.531	251.7056	0.7696068	0.5648955	6.974718
1020	-8193.229	-8444.935	251.7064	0.7607606	0.6646665	6.90217
1026	-8196.557	-8447.318	250.7605	0.7148915	0.6637004	7.435941
1032	-8194.831	-8445.759	250.9282	0.7195169	0.6637004	7.343526
1038	-8202.631	-8452.986	250.355	0.7053807	0.5979532	7.707494
1044	-8198.496	-8449.149	250.6525	0.8027571	0.7336121	7.397862
1050	-8207.219	-8458.902	251.6832	0.7561974	0.7336121	6.868695
1056	-8207.896	-8458.274	250.378	0.7561974	0.7336121	7.569855
1062	-8208.635	-8459.173	250.5383	0.7628627	0.609322	7.569855
1068	-8213.496	-8464.865	251.3697	0.7739246	0.5040649	7.204734
1074	-8213.047	-8464.727	251.6795	0.7709915	0.6068307	6.954636
1080	-8202.671	-8455.345	252.6738	0.8240862	0.5103937	6.468562
1086	-8206.581	-8458.397	251.8166	0.8240862	0.6804012	6.797193
1092	-8203.711	-8454.719	251.008	0.7309112	0.5502164	7.382502
1098	-8209.626	-8460.036	250.4102	0.7105898	0.7029509	7.59804
1104	-8212.699	-8464.462	251.7631	0.7610479	0.5478027	6.962496
1110	-8215.143	-8466.01	250.8667	0.6746082	0.4971455	7.533962
1116	-8199.201	-8449.827	250.6266	0.8018462	0.5684794	7.533962
1122	-8203.627	-8454.886	251.2594	0.7752515	0.6352205	7.15671
1128	-8200.718	-8452.205	251.4879	0.7363908	0.5973555	7.083766
1134	-8212.907	-8464.098	251.1911	0.7408632	0.5912597	7.245742
1140	-8200.603	-8451.471	250.868	0.6938495	0.5866378	7.447935
1146	-8213.86	-8463.405	249.5453	0.6740115	0.5560512	8.189691
1152	-8217.01	-8468.507	251.4964	0.7806815	0.491214	7.144498
1158	-8208.375	-8459.083	250.7077	0.7735199	0.5883521	7.489804
1164	-8205.554	-8456.736	251.182	0.7544024	0.6377862	7.207591
1170	-8196.504	-8447.867	251.3627	0.7633535	0.6450549	7.100239
1176	-8193.561	-8445.77	252.2091	0.7966271	0.566179	6.687471
1182	-8194.335	-8445.439	251.1047	0.7194274	0.5890298	7.305394
1188	-8197.764	-8450.178	252.4138	0.7654581	0.5758944	6.585701
1194	-8212.711	-8464.871	252.1592	0.8206491	0.6044545	6.670798
1200	-8212.22	-8464.647	252.4272	0.8333347	0.5464426	6.566022
1206	-8207.942	-8459.248	251.3062	0.7495859	0.5021803	7.253607
1212	-8211.798	-8463.538	251.74	0.7642508	0.4903041	7.023071
1218	-8217.475	-8469.182	251.7069	0.7568839	0.5149117	7.023071
1224	-8223.375	-8474.875	251.4997	0.8267819	0.6046874	7.023071
1230	-8221.28	-8474.243	252.9626	0.865858	0.5600314	6.24666
1236	-8221.159	-8473.394	252.2351	0.8243587	0.6628389	6.583622
1242	-8214.711	-8466.794	252.0826	0.7106007	0.5919315	6.781498
1248	-8222.184	-8474.321	252.1377	0.7362586	0.5387288	6.781498
1254	-8213.917	-8465.283	251.3655	0.7429165	0.5629932	7.17364
1260	-8215.119	-8466.436	251.317	0.79537	0.6063003	7.136989
1266	-8207.253	-8458.78	251.5272	0.8001626	0.5167763	7.094815
1272	-8221.779	-8473.672	251.8933	0.8257404	0.6138457	6.804398
1278	-8222.348	-8474.243	251.8955	0.8064749	0.6258546	6.804398
1284	-8216.385	-8468.236	251.8513	0.8305254	0.6147252	6.823789
1290	-8224.896	-8475.875	250.9789	0.8305254	0.5158777	7.373799
1296	-8222.068	-8474.293	252.225	0.8309654	0.5914077	6.639927
1302	-8217.459	-8469.256	251.7976	0.7838407	0.6261081	6.869243
1308	-8219.496	-8470.504	251.0078	0.763806	0.6290284	7.302674
1314	-8235.005	-8485.227	250.2228	0.7863998	0.5727192	7.754845
1320	-8219.316	-8470.026	250.7099	0.7863998	0.5333716	7.526645
1326	-8222.837	-8474.686	251.8495	0.7859389	0.6343572	6.833824
1332	-8224.724	-8476.56	251.8358	0.7871911	0.5948126	6.871055
1338	-8213.869	-8464.427	250.558	0.7144099	0.6139573	7.581694
1344	-8222.469	-8472.705	250.2362	0.7863173	0.6139573	7.715414
1350	-8217.887	-8468.372	250.4849	0.6937418	0.591911	7.648975
1356	-8224.975	-8475.254	250.2792	0.8020515	0.7050578	7.6177
1362	-8210.846	-8461.563	250.7168	0.7489959	0.6533871	7.448604
1368	-8211.564	-8461.993	250.4287	0.7870066	0.7051261	7.545708
1374	-8211.199	-8462.318	251.1195	0.8039594	0.6228116	7.225862
1380	-8217.473	-8468.103	250.6306	0.7788939	0.5444607	7.563823
1386	-8214.046	-8466.331	252.2856	0.8110554	0.5595146	6.6438
1392	-8206.183	-8456.959	250.7761	0.7308794	0.7112736	7.385358
1398	-8207.464	-8458.121	250.6567	0.8004028	0.7112736	7.412119
1404	-8212.01	-8463.767	251.7569	0.7652318	0.544636	6.966226
1410	-8200.907	-8452.909	252.0016	0.7607608	0.688244	6.725874
1416	-8213.842	-8465.77	251.928	0.8504816	0.6941691	6.712957
1422	-8208.353	-8460.95	252.5967	0.8504816	0.5778106	6.439068
1428	-8211.42	-8461.964	250.5437	0.840531	0.5615184	7.563299
1434	-8209.823	-8461.33	251.507	0.840531	0.7171044	6.929465
1440	-8211.669	-8462.718	251.0491	0.8383306	0.6000493	7.262717
1446	-8213.879	-8465.284	251.4046	0.8475679	0.6021323	7.065036
1452	-8211.05	-8462.471	251.4218	0.824274	0.6064017	7.065036
1458	-8214.684	-8464.725	250.0407	0.7353325	0.5327288	7.912299
1464	-8216.909	-8467.988	251.0788	0.7813784	0.6430648	7.244613
1470	-8205.579	-8457.608	252.0288	0.8054305	0.5322741	6.808396
1476	-8203.759	-8454.922	251.1627	0.7878184	0.5413828	7.27635
1482	-8213.536	-8465.11	251.5741	0.7850459	0.5828381	7.022699
1488	-8211.849	-8463.47	251.6214	0.7819381	0.5535883	7.022699
1494	-8206.378	-8456.62	250.242	0.7093005	0.6499109	7.726516
1500	-8215.808	-8466.684	250.8759	0.7142852	0.5888867	7.430998
1506	-8217.924	-8468.712	250.7878	0.7810387	0.6034477	7.430998
1512	-8227.101	-8479.134	252.0329	0.8561117	0.6149778	6.711752
1518	-8221.973	-8473.621	251.6477	0.7780173	0.5065597	7.050873
1524	-8234.127	-8486.407	252.2798	0.9089878	0.5151833	6.63165
1530	-8216.839	-8470.042	253.2027	0.8857157	0.5935841	6.077903
1536	-8223.695	-8476.853	253.1586	0.9358509	0.7455898	5.962971
1542	-8222.189	-8475.593	253.4046	0.9376254	0.5647367	5.962971
1548	-8221.561	-8473.052	251.4906	0.7643118	0.6259321	7.045272
1554	-8227.133	-8477.782	250.6489	0.7634338	0.6341743	7.491455
1560	-8218.197	-8468.736	250.5386	0.7437361	0.5917533	7.593609
1566	-8217.254	-8468.766	251.5125	0.7437361	0.5484872	7.106124
1572	-8216.345	-8469.123	252.7785	0.8325574	0.5746091	6.352763
1578	-8221.122	-8472.111	250.9897	0.7554191	0.6028917	7.336906
1584	-8224.379	-8475.062	250.6833	0.7482167	0.5982238	7.508669
1590	-8213.447	-8464.028	250.5814	0.7874582	0.6155389	7.528866
1596	-8217.052	-8467.703	250.6517	0.7171798	0.6155389	7.528866
1602	-8227.294	-8478.344	251.05	0.7838192	0.6484701	7.254753
1608	-8231.729	-8482.168	250.4385	0.7496323	0.5147907	7.707449
1614	-8209.901	-8461.423	251.5216	0.6990185	0.6271887	7.062766
1620	-8207.524	-8458.699	251.1749	0.7487226	0.6361854	7.215691
1626	-8208.339	-8460.921	252.5822	0.8494466	0.628743	6.407461
1632	-8203.505	-8454.618	251.1133	0.8494466	0.5313986	7.278223
1638	-8197.584	-8449.716	252.1321	0.8224913	0.6360855	6.660214
1644	-8194.383	-8446.665	252.2829	0.8016225	0.6301253	6.594445
1650	-8196.496	-8448.581	252.0851	0.7580962	0.5672667	6.774335
1656	-8201.74	-8453.292	251.5519	0.7580962	0.6301288	7.012445
1662	-8204.029	-8455.718	251.6891	0.8695117	0.5429377	6.947993
1668	-8208.247	-8460.119	251.8721	0.7864618	0.5923289	6.853826
1674	-8199.59	-8451.087	251.497	0.7864618	0.6097543	7.042284
1680	-8192.654	-8443.983	251.3292	0.7864618	0.578517	7.157166
1686	-8196.457	-8447.669	251.2123	0.741545	0.6168585	7.21408
1692	-8201.188	-8452.669	251.4812	0.8071513	0.6404529	7.016344
1698	-8198.811	-8450.387	251.5768	0.7782551	0.5936456	7.016344
1704	-8199.816	-8451.455	251.6387	0.7498521	0.5493946	7.034167
1710	-8199.509	-8450.324	250.8149	0.7530659	0.5455194	7.478035
1716	-8192.073	-8444.019	251.9453	0.7819445	0.6278771	6.789217
1722	-8194.08	-8445.79	251.7107	0.7670911	0.5573744	6.97951
1728	-8197.754	-8448.394	250.6408	0.7518449	0.6024633	7.526183
1734	-8195.848	-8447.325	251.4774	0.804851	0.5907015	7.057826
1740	-8205.286	-8456.646	251.3603	0.697478	0.6587091	7.126886
1746	-8198.294	-8450.702	252.4075	0.7713251	0.5252865	6.628282
1752	-8194.739	-8445.657	250.9182	0.8072007	0.606765	7.344498
1758	-8196.934	-8449.172	252.2379	0.8175375	0.6398853	6.60279
1764	-8193.4	-8444.213	250.813	0.7305569	0.5459973	7.49074
1770	-8203.339	-8454.266	250.9269	0.745332	0.6017002	7.376945
1776	-8210.612	-8461.426	250.8136	0.7904712	0.6261798	7.394708
1782	-8212.468	-8463.487	251.0193	0.8476992	0.7321151	7.177816
1788	-8220.392	-8470.6	250.2072	0.7673556	0.5851106	7.763469
1794	-8216.348	-8467.02	250.6716	0.7924084	0.5442164	7.53485
1800	-8228.737	-8479.019	250.2825	0.7924084	0.6102385	7.690238
1806	-8234.781	-8485.161	250.3796	0.7924084	0.6573824	7.603043
1812	-8215.233	-8465.887	250.6541	0.7706874	0.6037312	7.508015
1818	-8215.078	-8466.474	251.3964	0.8000629	0.6658074	7.047142
1824	-8221.33	-8471.869	250.5387	0.7331345	0.5728313	7.614267
1830	-8212.608	-8464.534	251.9263	0.8072079	0.6000749	6.80729
1836	-8201.827	-8453.924	252.0964	0.7472186	0.6196232	6.732686
1842	-8209.472	-8460.323	250.8518	0.8349325	0.6702424	7.317841
1848	-8214.122	-8465.788	251.6659	0.7829449	0.597785	6.962545
1854	-8217.509	-8467.542	250.033	0.7443482	0.6548676	7.815851
1860	-8217.842	-8469.851	252.0088	0.7008899	0.6320177	6.795527
1866	-8215.916	-8466.233	250.3174	0.7388397	0.6716257	7.654677
1872	-8206.344	-8457.447	251.1027	0.7601803	0.6548494	7.23446
1878	-8212.235	-8463.337	251.1021	0.7769799	0.5957496	7.270556
1884	-8220.34	-8469.838	249.498	0.7134328	0.6667249	8.10918
1890	-8216.734	-8468.073	251.3385	0.8084701	0.5868861	7.133615
1896	-8212.089	-8462.436	250.3465	0.7297156	0.5703209	7.720905
1902	-8205.77	-8457.841	252.0711	0.7862433	0.5822537	6.754573
1908	-8201.17	-8453.061	251.8916	0.8770707	0.6441922	6.754573
1914	-8204.844	-8456.936	252.0924	0.8113959	0.5516086	6.754573
1920	-8204.837	-8456.289	251.4526	0.7840478	0.5696924	7.099192
1926	-8203.212	-8453.778	250.5658	0.7201804	0.6539166	7.544553
1932	-8213.039	-8464.255	251.2157	0.7409945	0.6076267	7.219638
1938	-8211.623	-8463.533	251.9108	0.8649354	0.6934456	6.714952
1944	-8214.569	-8465.878	251.3095	0.8088168	0.6612011	7.092508
1950	-8214.423	-8464.543	250.1196	0.8282031	0.5168852	7.834112
1956	-8199.084	-8450.381	251.2969	0.7748815	0.5304654	7.220429
1962	-8203.346	-8453.722	250.3764	0.766264	0.6372298	7.633586
1968	-8218.621	-8469.385	250.7635	0.7181398	0.6188074	7.465957
1974	-8223.939	-8477.112	253.1729	0.8399103	0.505961	6.192942
1980	-8224.001	-8475.318	251.3173	0.9123973	0.5913051	7.085643
1986	-8220.311	-8471.701	251.3903	0.9533142	0.5172822	7.085643
1992	-8214.063	-8466.523	252.4598	0.9474009	0.5159794	6.51275
1998	-8206.688	-8457.202	250.5147	0.7576856	0.6259492	7.572603
2004	-8212.317	-8461.929	249.6117	0.732704	0.5292608	8.145371
2010	-8218.509	-8468.968	250.4596	0.6655216	0.5981568	7.672738
2016	-8216.955	-8467.967	251.0112	0.7856236	0.6466471	7.275955
2022	-8223.58	-8476.476	252.8962	0.8638158	0.570415	6.275319
2028	-8229.347	-8482.342	252.9943	0.8753429	0.5208998	6.257618
2034	-8220.86	-8474.092	253.232	0.863428	0.5454177	6.113713
2040	-8208.234	-8460.63	252.3954	0.8083637	0.6286314	6.531029
2046	-8211.226	-8462.519	251.2934	0.7581777	0.5398941	7.223308
2052	-8222.757	-8474.64	251.883	0.7605541	0.6372789	6.82726
2058	-8219.53	-8471.791	252.2611	0.7694994	0.6054384	6.642612
2064	-8214.596	-8464.292	249.6962	0.7009406	0.6251664	8.04075
2070	-8205.829	-8456.915	251.0868	0.6755713	0.5998822	7.329985
2076	-8191.678	-8442.996	251.3181	0.737596	0.6190462	7.157645
2082	-8201.719	-8452.974	251.2554	0.758044	0.5975719	7.196997
2088	-8206.036	-8457.499	251.4634	0.7707542	0.6051554	7.072417
2094	-8217.027	-8468.886	251.8593	0.773313	0.6477117	6.825403
2100	-8205.75	-8456.846	251.096	0.8422192	0.598223	7.236875
2106	-8197.66	-8448.825	251.1652	0.7774638	0.5951931	7.236875
2112	-8202.748	-8453.144	250.3958	0.728016	0.5590647	7.704641
2118	-8195.9	-8446.124	250.2234	0.7543713	0.6211082	7.733853
2124	-8198.511	-8450.275	251.7647	0.7766526	0.5999632	6.911041
2130	-8203.688	-8455.378	251.6893	0.7766526	0.615031	6.939927
2136	-8204.102	-8455.226	251.1243	0.7316362	0.6066829	7.274472
2142	-8214.221	-8466.792	252.5712	0.8372267	0.6019764	6.440782
2148	-8199.644	-8450.453	250.809	0.7362145	0.5568879	7.48086
2154	-8201.459	-8452.962	251.5026	0.7804125	0.5432711	7.09608
2160	-8192.378	-8444.467	252.0881	0.831962	0.5817794	6.721105
2166	-8193.063	-8444.762	251.6988	0.831962	0.6312858	6.892607
2172	-8204.025	-8457.227	253.2022	0.8154535	0.6148202	6.099735
2178	-8207.194	-8458.675	251.4811	0.8036104	0.7231254	6.959173
2184	-8207.909	-8457.798	249.8886	0.7585106	0.6255867	7.907121
2190	-8205.628	-8456.868	251.2392	0.8040523	0.6099966	7.171322
2196	-8207.019	-8459.013	251.9946	0.865951	0.5121007	6.811659
2202	-8216.673	-8467.564	250.8913	0.8119145	0.5122562	7.433946
2208	-8206.272	-8457.07	250.7985	0.7748082	0.5966216	7.433946
2214	-8200.717	-8451.941	251.224	0.7324683	0.5637478	7.254654
2220	-8203.015	-8453.992	250.9773	0.779015	0.7067532	7.254654
2226	-8200.297	-8452.445	252.148	0.779015	0.591882	6.709268
2232	-8207.758	-8458.563	250.8042	0.7652234	0.6865721	7.369118
2238	-8207.929	-8459.259	251.3303	0.7122318	0.5998804	7.179546
2244	-8201.32	-8452.552	251.2317	0.7656435	0.6315148	7.179546
2250	-8209.557	-8460.27	250.7132	0.7656435	0.6315148	7.457821
2256	-8214.649	-8465.644	250.9947	0.7254071	0.7257015	7.261076
2262	-8212.215	-8462.721	250.5066	0.8667321	0.7698307	7.417769
2268	-8207.36	-8459.423	252.0629	0.7877018	0.5771606	6.762296
2274	-8219.58	-8471.263	251.6835	0.8085948	0.6305168	6.914051
2280	-8220.816	-8471.997	251.1806	0.7864123	0.6328228	7.194869
2286	-8221.519	-8472.026	250.5068	0.7177917	0.600275	7.617873
2292	-8215.203	-8466.954	251.7515	0.7462427	0.5943876	6.938923
2298	-8217.015	-8468.785	251.7691	0.7540578	0.5943876	6.925226
2304	-8218.588	-8469.574	250.9857	0.7763202	0.6970085	7.258408
2310	-8210.992	-8462.018	251.0264	0.7904946	0.5104816	7.37453
2316	-8214.661	-8465.56	250.8994	0.760154	0.5721852	7.407115
2322	-8219.601	-8470.435	250.8344	0.8214402	0.57465	7.407115
2328	-8231.586	-8482.948	251.3622	0.743992	0.5858993	7.156337
2334	-8234.437	-8486.406	251.9686	0.8151158	0.5670466	6.806628
2340	-8225.603	-8476.04	250.4367	0.7274572	0.5875327	7.660193
2346	-8220.629	-8471.618	250.9897	0.8318738	0.5875327	7.30792
2352	-8202.638	-8455.303	252.6652	0.8327558	0.6338802	6.367573
2358	-8213.451	-8466.729	253.2784	0.9830638	0.4863459	6.075347
2364	-8210.75	-8463.922	253.172	0.9830638	0.4979357	6.122755
2370	-8207.946	-8459.776	251.8301	0.7395877	0.5637073	6.924801
2376	-8208.582	-8459.434	250.8524	0.7179968	0.5036287	7.512672
2382	-8214.719	-8464.668	249.949	0.7291846	0.5978206	7.911796
2388	-8208.971	-8460.47	251.4992	0.8227685	0.6003464	7.028891
2394	-8204.624	-8456.112	251.4877	0.752545	0.6584699	7.028891
2400	-8191.49	-8442.464	250.974	0.7644628	0.7077691	7.263533
2406	-8196.968	-8447.545	250.577	0.7452344	0.6497907	7.528124
2412	-8197.248	-8447.447	250.1992	0.7736237	0.5879784	7.762122
2418	-8196.04	-8447.281	251.2412	0.7102902	0.5450394	7.272757
2424	-8199.976	-8451.065	251.089	0.7653844	0.6941199	7.210804
2430	-8200.369	-8451.737	251.3676	0.7836433	0.6246826	7.101986
2436	-8204.904	-8456.95	252.0453	0.7836433	0.6730047	6.700855
2442	-8214.77	-8465.653	250.8826	0.7798944	0.531667	7.439031
2448	-8210.531	-8461.959	251.4278	0.7025364	0.6092647	7.125039
2454	-8211.86	-8461.933	250.0727	0.6992447	0.614321	7.849014
2460	-8213.284	-8464.009	250.7247	0.7358803	0.6045131	7.48819
2466	-8213.827	-8463.976	250.1493	0.7295567	0.64444	7.769292
2472	-8205.044	-8456.482	251.4377	0.7698809	0.6180137	7.076759
2478	-8202.914	-8454.385	251.4707	0.7537815	0.6621751	7.034692
2484	-8202.896	-8454.067	251.1708	0.7480106	0.6128508	7.235971
2490	-8197.399	-8448.337	250.9387	0.8248602	0.7544439	7.218446
2496	-8204.647	-8456.214	251.5671	0.7510337	0.6224066	7.013886
2502	-8211.973	-8464.374	252.4005	0.8418256	0.5253292	6.593869
2508	-8205.237	-8456.808	251.5715	0.8310614	0.6682344	6.934376
2514	-8204.558	-8455.85	251.292	0.7378434	0.5672924	7.212331
2520	-8213.323	-8465.611	252.2876	0.8013734	0.5314786	6.671513
2526	-8220.469	-8470.955	250.4859	0.7584006	0.5314786	7.663143
2532	-8209.635	-8460.607	250.9728	0.7261271	0.5457578	7.407668
2538	-8221.45	-8472.986	251.5361	0.784047	0.5987354	7.031127
2544	-8211.242	-8461.452	250.2092	0.7302011	0.6300862	7.747607
2550	-8229.223	-8481.139	251.9164	0.8383488	0.5432975	6.841976
2556	-8249.072	-8501.054	251.9817	0.8383488	0.5025571	6.841976
2562	-8221.184	-8472.042	250.8585	0.7844018	0.5446494	7.438618
2568	-8218.93	-8470.033	251.1031	0.7949152	0.6501936	7.219018
2574	-8227.834	-8478.424	250.5902	0.8123741	0.5995895	7.523119
2580	-8220.476	-8471.046	250.5698	0.7573149	0.653114	7.523119
2586	-8227.392	-8477.324	249.9319	0.7005075	0.6723829	7.880627
2592	-8214.204	-8463.932	249.7279	0.711178	0.6924048	7.969634
2598	-8218.234	-8469.437	251.2024	0.7810134	0.5338886	7.264992
2604	-8220.508	-8471.77	251.2621	0.7810134	0.6103744	7.171108
2610	-8215.307	-8466.188	250.8803	0.719638	0.6103744	7.409
2616	-8210.858	-8461.917	251.0591	0.7766677	0.5354193	7.342958
2622	-8200.172	-8452.624	252.4521	0.7543481	0.5227376	6.615513
2628	-8204.46	-8457.739	253.2797	0.7837219	0.5765227	6.105267
2634	-8204.766	-8457.028	252.262	0.8049151	0.6317817	6.602702
2640	-8209.323	-8460.348	251.0244	0.729008	0.6536079	7.294142
2646	-8204.208	-8454.869	250.6604	0.7089405	0.6721084	7.48668
2652	-8199.259	-8450.584	251.3246	0.7551486	0.5771677	7.177513
2658	-8202.753	-8454.115	251.3624	0.7567794	0.5512548	7.177513
2664	-8206.057	-8457.686	251.6285	0.8432113	0.6277387	6.927109
2670	-8207.645	-8460.558	252.9135	0.8511484	0.5718726	6.271577
2676	-8222.222	-8475.235	253.0129	0.8946679	0.6320056	6.146409
2682	-8213.642	-8465.941	252.2984	0.8745017	0.7028087	6.493541
2688	-8205.702	-8457.961	252.2598	0.7961757	0.7024537	6.557082
2694	-8204.11	-8456.123	252.0122	0.7772438	0.6879646	6.711431
2700	-8209.818	-8462.203	252.3844	0.75797	0.638653	6.556689
2706	-8204.839	-8456.167	251.328	0.7574865	0.5647586	7.184493
2712	-8205.674	-8457.881	252.2076	0.7439012	0.557361	6.724002
2718	-8209.025	-8461.152	252.1269	0.824617	0.557361	6.724002
2724	-8212.737	-8464.303	251.5664	0.7947748	0.5710333	7.031145
2730	-8218.421	-8468.167	249.7456	0.6848154	0.5970592	8.044514
2736	-8217.867	-8468.808	250.9407	0.7555919	0.5373558	7.416146
2742	-8213.497	-8464.972	251.4751	0.7707246	0.608988	7.06315
2748	-8215.679	-8467.14	251.461	0.7976789	0.6807692	7.002848
2754	-8219.408	-8471.764	252.3561	0.8437337	0.5612269	6.586562
2760	-8221.893	-8473.816	251.9227	0.8051465	0.5533632	6.848072
2766	-8223.005	-8473.227	250.2221	0.7535094	0.632453	7.726455
2772	-8226.245	-8477.363	251.118	0.7241254	0.6237755	7.268781
2778	-8233.562	-8484.626	251.0639	0.8309816	0.5752974	7.278335
2784	-8236.302	-8489.484	253.1817	0.8987362	0.6031542	6.074664
2790	-8225.679	-8477.791	252.1113	0.8718502	0.5304091	6.729586
2796	-8221.37	-8473.406	252.0361	0.8773877	0.5756492	6.729586
2802	-8209.727	-8461.362	251.6351	0.8748106	0.7067946	6.849111
2808	-8215.776	-8467.351	251.575	0.8545813	0.7414292	6.868696
2814	-8207.296	-8459.053	251.7572	0.8318227	0.614704	6.873842
2820	-8202.013	-8453.428	251.4154	0.8318227	0.7357765	6.970792
2826	-8209.331	-8460.95	251.619	0.7715897	0.7706642	6.870345
2832	-8216.301	-8468.048	251.7465	0.7766141	0.5010293	7.003308
2838	-8208.944	-8460.355	251.4115	0.7532125	0.6075429	7.107871
2844	-8221.434	-8471.373	249.9391	0.6969662	0.6368129	7.904612
2850	-8208.744	-8459.644	250.8998	0.7085646	0.6427144	7.380027
2856	-8205.277	-8455.881	250.6041	0.7085646	0.6427144	7.538496
2862	-8214.162	-8464.738	250.5758	0.7215723	0.6538065	7.538496
2868	-8210.086	-8460.777	250.6907	0.7163638	0.5770245	7.538496
2874	-8204.533	-8454.932	250.3989	0.748237	0.6406875	7.628629
2880	-8206.152	-8456.724	250.5724	0.7493278	0.55861	7.599087
2886	-8205.345	-8455.752	250.4068	0.7113955	0.5578704	7.708614
2892	-8219.154	-8470.1	250.9459	0.7258707	0.5578704	7.412211
2898	-8217.585	-8468.54	250.9553	0.7679109	0.539693	7.399739
2904	-8220.448	-8470.152	249.7046	0.7033628	0.6130965	8.044164
2910	-8204.502	-8455.704	251.2018	0.7524796	0.5800325	7.242651
2916	-8211.11	-8462.219	251.1085	0.7978087	0.612913	7.242651
2922	-8206.285	-8457.278	250.9935	0.7978087	0.6614087	7.2681
2928	-8208.323	-8459.432	251.1084	0.7544835	0.649547	7.238378
2934	-8206.466	-8457.608	251.1427	0.7880862	0.6014538	7.238378
2940	-8203.662	-8455.399	251.737	0.7552419	0.5526843	6.975584
2946	-8207.895	-8459.652	251.7571	0.7721609	0.5630559	6.947122
2952	-8208.324	-8458.191	249.8674	0.7721609	0.5605921	7.962027
2958	-8206.077	-8457.507	251.4307	0.781279	0.6479765	7.051857
2964	-8207.903	-8459.581	251.6782	0.7372631	0.6479765	6.942271
2970	-8200.341	-8451.532	251.1914	0.7956898	0.6143784	7.198121
2976	-8204.134	-8456.095	251.9611	0.7956898	0.534919	6.847934
2982	-8201.862	-8454.043	252.1804	0.8392777	0.5532872	6.690551
2988	-8195.014	-8447.279	252.2643	0.7828988	0.5186046	6.70521
2994	-8207.927	-8459.329	251.4025	0.7551438	0.651581	7.078392
3000	-8206.637	-8457.338	250.7009	0.7084285	0.6933927	7.45015
3006	-8209.555	-8461.96	252.4051	0.7361751	0.6206916	6.570963
3012	-8208.857	-8459.959	251.1011	0.7460576	0.527753	7.343357
3018	-8216.795	-8468.314	251.5187	0.7681772	0.6426992	7.015452
3024	-8216.548	-8468.112	251.5635	0.7634014	0.5030934	7.107117
3030	-8219.267	-8469.861	250.5939	0.7898215	0.6393667	7.502934
3036	-8214.034	-8465.211	251.1773	0.6832775	0.56458	7.305447
3042	-8222.592	-8474.661	252.069	0.7599781	0.5582258	6.789431
3048	-8207.444	-8459.238	251.7942	0.8449088	0.5569607	6.892898
3054	-8210.493	-8462.088	251.5944	0.8089247	0.5569607	7.019949
3060	-8208.005	-8460.162	252.1575	0.8707994	0.531966	6.703908
3066	-8212.79	-8464.846	252.0552	0.9058331	0.734419	6.586386
3072	-8204.184	-8455.379	251.1948	0.8073938	0.6247751	7.182053
3078	-8202.42	-8452.846	250.4256	0.7837498	0.552328	7.664392
3084	-8207.966	-8459.579	251.6131	0.788692	0.6558768	6.943808
3090	-8199.168	-8450.839	251.6705	0.7537203	0.6395746	6.943808
3096	-8207.878	-8459.58	251.7027	0.7898262	0.5917482	6.943808
3102	-8205.007	-8456.745	251.738	0.731504	0.5574411	6.983923
3108	-8205.137	-8456.494	251.357	0.7273728	0.6061239	7.152188
3114	-8209.967	-8461.75	251.7833	0.756193	0.5354439	6.964614
3120	-8199.148	-8451.16	252.0119	0.8285668	0.6236282	6.731293
3126	-8212.244	-8464.347	252.1024	0.8108856	0.5736422	6.731293
3132	-8196.729	-8449.007	252.278	0.8312004	0.559707	6.636856
3138	-8203.813	-8455.964	252.1513	0.8042432	0.5962264	6.69041
3144	-8213.214	-8465.297	252.0836	0.8485445	0.5869969	6.710409
3150	-8205.477	-8457.232	251.7544	0.8128921	0.5728115	6.918647
3156	-8209.158	-8460.327	251.169	0.7611476	0.6206337	7.223935
3162	-8207.425	-8458.438	251.0138	0.7289369	0.6045778	7.336887
3168	-8201.698	-8452.278	250.5795	0.8109583	0.5843913	7.541529
3174	-8199.965	-8449.437	249.4712	0.6765897	0.5162923	8.261127
3180	-8223.869	-8476.496	252.6271	0.8719088	0.536953	6.444874
3186	-8215.73	-8467.703	251.9733	0.7897338	0.676975	6.733601
3192	-8209.328	-8461.608	252.2795	0.8332963	0.5571984	6.636961
3198	-8220.383	-8473.83	253.4461	0.903281	0.6125057	5.920631
3204	-8210.285	-8463.824	253.5385	0.8570615	0.5808423	5.920631
3210	-8213.672	-8465.639	251.9667	0.8566792	0.5910807	6.765887
3216	-8202.585	-8455.424	252.8393	0.8246769	0.6323605	6.278581
3222	-8195.881	-8446.454	250.5732	0.801222	0.627196	7.517
3228	-8195.256	-8446.363	251.1072	0.7468958	0.5982938	7.281977
3234	-8203.452	-8454.86	251.4081	0.8125247	0.5012931	7.165827
3240	-8213.633	-8463.592	249.9586	0.728708	0.501187	7.986826
3246	-8210.3	-8460.84	250.5401	0.7150824	0.5590114	7.634377
3252	-8198.335	-8450.237	251.9021	0.8561368	0.5558237	6.829618
3258	-8211.804	-8463.647	251.8429	0.8561368	0.5440211	6.871385
3264	-8222.308	-8472.654	250.3466	0.7765882	0.6545574	7.631198
3270	-8214.028	-8465.962	251.9336	0.7858056	0.6539633	6.773944
3276	-8217.615	-8469.305	251.6898	0.847846	0.5949012	6.916982
3282	-8212.506	-8464.654	252.1481	0.7719897	0.6786838	6.647497
3288	-8222.443	-8473.007	250.5644	0.7686348	0.8345345	7.398505
3294	-8227.85	-8477.702	249.8518	0.7465842	0.7267392	7.86099
3300	-8219.8	-8469.861	250.061	0.7544526	0.5693932	7.86099
3306	-8210.242	-8461.604	251.3613	0.7977471	0.6750159	7.060575
3312	-8220.562	-8472.703	252.1403	0.815451	0.6948765	6.616665
3318	-8226.633	-8479.012	252.3794	0.7363655	0.5801216	6.616665
3324	-8218.961	-8471	252.0395	0.793643	0.6072027	6.747943
3330	-8217.341	-8467.948	250.6071	0.7370181	0.633333	7.528616
3336	-8212.646	-8464.006	251.3607	0.8304232	0.5655321	7.127083
3342	-8215.922	-8467.32	251.3986	0.8304232	0.6363158	7.051371
3348	-8205.507	-8456.985	251.4774	0.8489737	0.5691547	7.051371
3354	-8208.633	-8460.239	251.6052	0.8489737	0.6753205	6.901415
3360	-8208.156	-8459.996	251.8399	0.7910669	0.6137759	6.851933
3366	-8215.754	-8467.17	251.4159	0.8390798	0.5672059	7.09135
3372	-8222.966	-8474.967	252.0019	0.8390798	0.5921739	6.755532
3378	-8219.945	-8472.109	252.1649	0.8138915	0.6343199	6.648458
3384	-8207.283	-8459.834	252.5509	0.8726109	0.6595321	6.388829
3390	-8204.347	-8455.888	251.54	0.8031119	0.5970357	7.02009
3396	-8213.741	-8465.774	252.0329	0.794715	0.6099051	6.748849
3402	-8212.703	-8465.342	252.6385	0.8791762	0.7369997	6.282816
3408	-8216.597	-8469.319	252.7223	0.8025643	0.50141	6.46191
3414	-8206.812	-8459.246	252.434	0.8244977	0.59809	6.525076
3420	-8200.844	-8453.141	252.2978	0.8040177	0.6883615	6.542215
3426	-8207.246	-8458.18	250.934	0.759046	0.6495968	7.329528
3432	-8206.375	-8456.13	249.755	0.6804645	0.5677731	8.065019
3438	-8209.406	-8459.236	249.8298	0.8110537	0.6243432	7.911401
3444	-8215.866	-8467.297	251.4311	0.8060506	0.6243432	7.056006
3450	-8209.208	-8460.269	251.0607	0.8049408	0.5020528	7.355768
3456	-8201.388	-8451.324	249.936	0.7539456	0.6311043	7.880118
3462	-8200.8	-8452.719	251.9196	0.8511066	0.5576264	6.821392
3468	-8215.758	-8467.684	251.9258	0.8384452	0.6033623	6.788148
3474	-8214.204	-8465.189	250.9852	0.8339107	0.5244668	7.361211
3480	-8210.767	-8461.253	250.4856	0.7081743	0.6222409	7.617485
3486	-8209.637	-8462.229	252.5925	0.8103995	0.6222409	6.42801
3492	-8206.363	-8458.655	252.2911	0.8193702	0.6496053	6.565758
3498	-8209.663	-8461.475	251.8117	0.7798984	0.6475212	6.847629
3504	-8209.42	-8461.237	251.8179	0.7588658	0.564755	6.920137
3510	-8206.127	-8458.935	252.8083	0.9236132	0.5946663	6.271001
3516	-8206.801	-8459.49	252.6895	0.8959703	0.7009486	6.271001
3522	-8205.943	-8457.56	251.6164	0.7795745	0.5587755	7.022418
3528	-8205.136	-8456.206	251.0704	0.7352393	0.5416862	7.353855
3534	-8214.732	-8465.822	251.0901	0.7111671	0.6551223	7.267377
3540	-8222.368	-8475.389	253.0209	0.7829309	0.5654669	6.25557
3546	-8212.042	-8464.534	252.4917	0.822828	0.6000466	6.493191
3552	-8205.239	-8456.646	251.4063	0.7665752	0.5888297	7.11818
3558	-8197.257	-8448.576	251.3189	0.75494	0.6588378	7.11818
3564	-8194.911	-8445.528	250.6173	0.7372697	0.5684495	7.573539
3570	-8198.109	-8447.537	249.428	0.7372697	0.621084	8.167409
3576	-8215.034	-8466.885	251.8519	0.8047383	0.6044415	6.845371
3582	-8215.209	-8468.263	253.0543	0.8178912	0.5403587	6.239418
3588	-8210.116	-8461.531	251.4151	0.7329028	0.542883	7.168977
3594	-8198.433	-8450.883	252.4501	0.7859869	0.5940844	6.540394
3600	-8206.517	-8456.57	250.0523	0.7730943	0.5381749	7.881359
3606	-8195.126	-8445.915	250.7889	0.7124943	0.5376531	7.520311
3612	-8198.775	-8449.986	251.2113	0.7765938	0.5376531	7.259386
3618	-8195.641	-8447.131	251.4895	0.7369569	0.5533659	7.118077
3624	-8210.416	-8461.445	251.0294	0.7610178	0.519992	7.380444
3630	-8208.855	-8460.395	251.54	0.7937442	0.519992	7.088643
3636	-8200.846	-8451.416	250.5699	0.7529885	0.5845437	7.5776
3642	-8206.053	-8456.778	250.7251	0.7054071	0.5150456	7.5776
3648	-8214.635	-8465.624	250.9898	0.6650753	0.5879662	7.397019
3654	-8209.619	-8460.666	251.0467	0.7148036	0.5965682	7.333028
3660	-8207.453	-8458.409	250.9563	0.7148036	0.6608443	7.333028
3666	-8214.26	-8465.655	251.3955	0.7899414	0.6291664	7.080172
3672	-8221.97	-8475.688	253.7177	0.8626823	0.7287679	5.708757
3678	-8218.834	-8472.614	253.7808	0.8825978	0.6651582	5.708757
3684	-8222.212	-8474.827	252.615	0.8463494	0.654183	6.37223
3690	-8214.544	-8465.756	251.2114	0.7697398	0.5657589	7.239765
3696	-8205.792	-8458.385	252.593	0.760744	0.5943523	6.47644
3702	-8200.738	-8452.194	251.4555	0.760744	0.6085251	7.079406
3708	-8216.555	-8467.114	250.5591	0.8918468	0.6085251	7.490295
3714	-8221.813	-8474.624	252.8112	0.9335522	0.4886071	6.354206
3720	-8218.886	-8470.618	251.7319	0.8380886	0.7004915	6.821107
3726	-8222.3	-8473.359	251.059	0.789338	0.5929527	7.289283
3732	-8210.098	-8462.013	251.9145	0.8196378	0.5749248	6.826983
3738	-8209.912	-8462.672	252.7591	0.8239979	0.6170383	6.334257
3744	-8206.485	-8457.243	250.7576	0.7917427	0.5600345	7.476071
3750	-8208.064	-8459.052	250.9883	0.7514778	0.5843903	7.354313
3756	-8202.085	-8453.678	251.5924	0.7388783	0.5704545	7.047696
3762	-8215.306	-8466.079	250.7735	0.7857191	0.5833643	7.451964
3768	-8224.568	-8474.62	250.0529	0.7872123	0.7077858	7.744813
3774	-8216.046	-8466.71	250.6636	0.7872123	0.6467969	7.461488
3780	-8207.68	-8459.236	251.5553	0.7496708	0.5558978	7.073753
3786	-8209.457	-8460.353	250.896	0.7324332	0.5048573	7.48048
3792	-8228.484	-8480.539	252.0556	0.790079	0.5871323	6.756961
3798	-8223.577	-8473.915	250.3385	0.7626123	0.5566241	7.718754
3804	-8220.681	-8471.821	251.1404	0.7262329	0.5802943	7.289497
3810	-8218.251	-8470.849	252.5985	0.8821413	0.6656601	6.35329
3816	-8215.56	-8465.474	249.9139	0.7665441	0.5840177	7.921375
3822	-8218.224	-8467.564	249.3404	0.7665441	0.6318285	8.190396
3828	-8205.411	-8457.032	251.6212	0.8060522	0.5786267	6.989408
3834	-8198.089	-8449.255	251.1661	0.8303782	0.5425799	7.250679
3840	-8225.836	-8476.409	250.5734	0.7585228	0.5552521	7.596387
3846	-8218.574	-8470.144	251.5706	0.8116089	0.6209989	6.980493
3852	-8213.629	-8465.203	251.5733	0.7769595	0.5547873	7.050295
3858	-8230.148	-8481.293	251.145	0.7964713	0.494266	7.322009
3864	-8212.333	-8463.733	251.3997	0.8384554	0.6130162	7.064168
3870	-8211.381	-8463.015	251.6343	0.8384554	0.5330348	7.002608
3876	-8226.458	-8479.41	252.9512	0.8384554	0.8021562	6.091814
3882	-8228.959	-8479.758	250.7996	0.7807372	0.4754818	7.532645
3888	-8230.514	-8480.197	249.6829	0.7807372	0.6481914	7.988207
3894	-8203.016	-8454.067	251.0517	0.7897131	0.5995108	7.287848
3900	-8209.858	-8460.871	251.0136	0.7092821	0.5995108	7.351493
3906	-8220.865	-8472.293	251.4278	0.7809717	0.6429464	7.057325
3912	-8218.83	-8470.534	251.7043	0.7669247	0.6292294	6.926261
3918	-8217.804	-8469.327	251.5228	0.8025936	0.7187164	6.940317
3924	-8226.203	-8477.828	251.6249	0.7342611	0.5976879	7.010933
3930	-8227.721	-8477.644	249.9235	0.7544299	0.6312335	7.886408
3936	-8224.672	-8475.903	251.2311	0.768452	0.5727348	7.22418
3942	-8232.718	-8484.784	252.0658	0.8589778	0.6109089	6.695572
3948	-8234.928	-8486.78	251.8517	0.8560705	0.6083226	6.814756
3954	-8254.099	-8505.908	251.8094	0.7329498	0.6647502	6.861538
3960	-8228.919	-8480.633	251.714	0.7612192	0.5937628	6.951539
3966	-8226.817	-8477.959	251.142	0.7677282	0.5937628	7.255677
3972	-8211.395	-8463.198	251.803	0.8273972	0.5811623	6.877913
3978	-8196.347	-8447.428	251.0814	0.7820869	0.6346796	7.249093
3984	-8209.199	-8460.389	251.19	0.7820869	0.5602948	7.249093
3990	-8215.221	-8465.905	250.6839	0.7894745	0.6137868	7.474183
3996	-8208.006	-8458.269	250.2631	0.7427577	0.5673415	7.76094
4002	-8204.812	-8455.371	250.5589	0.6985766	0.5143305	7.67079
4008	-8213.525	-8463.829	250.3046	0.77818	0.6179435	7.680145
4014	-8218.77	-8472.867	254.0978	0.886173	0.6175806	5.569064
4020	-8224.748	-8478.981	254.2338	0.867888	0.5388424	5.569064
4026	-8228.155	-8482.117	253.9615	0.985895	0.6436994	5.569064
4032	-8212.545	-8464.594	252.0484	0.8115378	0.5060274	6.817378
4038	-8206.146	-8457.521	251.3754	0.7695952	0.6314313	7.100251
4044	-8208.934	-8460.928	251.9942	0.7526159	0.6245029	6.781239
4050	-8218.445	-8470.444	251.9989	0.8051193	0.5849488	6.781239
4056	-8220.377	-8471.124	250.7472	0.7483236	0.5849488	7.484825
4062	-8231.011	-8481.915	250.9047	0.703446	0.5701233	7.436319
4068	-8216.931	-8468.215	251.2838	0.820249	0.6088692	7.139468
4074	-8208.473	-8460.098	251.6246	0.7878479	0.5383222	7.030573
4080	-8201.009	-8452.358	251.3485	0.8395937	0.6109822	7.092653
4086	-8202.197	-8453.729	251.5329	0.8282177	0.5491616	7.049141
4092	-8201.657	-8452.384	250.7264	0.7521484	0.6359234	7.454698
4098	-8204.635	-8456.524	251.889	0.7356357	0.5979881	6.867654
4104	-8203.405	-8453.507	250.1013	0.7417327	0.6795493	7.763009
4110	-8204.203	-8455.933	251.7302	0.8251281	0.5259208	6.964219
4116	-8206.352	-8457.291	250.9395	0.7709927	0.570063	7.381485
4122	-8204.3	-8456.165	251.8646	0.8096115	0.5759007	6.858545
4128	-8210.765	-8461.696	250.9314	0.7509701	0.5958665	7.376054
4134	-8212.012	-8463.323	251.3113	0.7509701	0.5918406	7.175259
4140	-8214.155	-8465.018	250.8632	0.7750631	0.6143048	7.385418
4146	-8212.419	-8463.746	251.3275	0.7750631	0.6456374	7.112459
4152	-8212.704	-8462.763	250.0593	0.7412115	0.5801444	7.860399
4158	-8219.26	-8470.144	250.884	0.8015828	0.5535367	7.408357
4164	-8219.148	-8470.52	251.3718	0.7667915	0.6055945	7.123453
4170	-8209.807	-8462.639	252.8321	0.8210813	0.5906029	6.317034
4176	-8212.416	-8464.854	252.4388	0.8445917	0.5974499	6.512087
4182	-8213.985	-8465.037	251.0525	0.8445917	0.5179618	7.324977
4188	-8217.452	-8468.426	250.974	0.7951023	0.6017134	7.324977
4194	-8217.901	-8470.433	252.5322	0.8822714	0.5789806	6.455825
4200	-8217.35	-8468.597	251.2468	0.7377897	0.6013006	7.209561
4206	-8217.164	-8468.287	251.1225	0.7840913	0.5787002	7.269299
4212	-8207.254	-8458.504	251.2495	0.7358516	0.5345933	7.263344
4218	-8201.573	-8453.209	251.636	0.7358516	0.6382372	6.973007
4224	-8197.74	-8449.735	251.9951	0.7603304	0.6418463	6.763457
4230	-8200.225	-8451.323	251.0975	0.7835658	0.5790037	7.282779
4236	-8197.054	-8448.144	251.0907	0.6943897	0.6459879	7.282779
4242	-8206.647	-8458.692	252.0449	0.8069678	0.6459879	6.708307
4248	-8203.329	-8455.306	251.9768	0.7427742	0.5692768	6.839433
4254	-8206.275	-8456.728	250.453	0.7984642	0.5537792	7.640703
4260	-8195.632	-8446.287	250.6546	0.8146368	0.5429958	7.533038
4266	-8204.796	-8455.474	250.6779	0.7002734	0.5578359	7.569521
4272	-8206.757	-8457.206	250.4488	0.7669201	0.6534079	7.582541
4278	-8205.418	-8455.854	250.4359	0.6697786	0.6057962	7.677197
4284	-8210.908	-8461.135	250.2273	0.7260755	0.7180439	7.677197
4290	-8208.928	-8460.486	251.5579	0.7240283	0.5401339	7.099278
4296	-8202.501	-8453.308	250.8062	0.7753499	0.5023724	7.507792
4302	-8211.1	-8461.587	250.4862	0.7336997	0.5712215	7.643383
4308	-8211.026	-8461.416	250.3895	0.7461513	0.6291016	7.643383
4314	-8208.42	-8459.728	251.3085	0.7757247	0.616417	7.144312
4320	-8211.028	-8463.524	252.4964	0.8247855	0.6099308	6.481828
4326	-8210.796	-8463.213	252.4173	0.774876	0.5528244	6.597659
4332	-8206.742	-8459.627	252.8851	0.8426794	0.5857476	6.280364
4338	-8192.662	-8444.556	251.8941	0.8246427	0.7014431	6.740091
4344	-8194.517	-8445.361	250.8439	0.8014631	0.597178	7.394889
4350	-8200.355	-8451.297	250.9416	0.7037536	0.597178	7.394889
4356	-8195.86	-8446.981	251.1206	0.7365124	0.6162493	7.266503
4362	-8197.152	-8448.19	251.0379	0.7202134	0.5964071	7.33497
4368	-8206.12	-8456.94	250.8197	0.7911192	0.7036144	7.33497
4374	-8207.981	-8458.835	250.8532	0.7016701	0.7477412	7.33497
4380	-8201.945	-8453.723	251.7775	0.7613	0.6872539	6.847239
4386	-8196.139	-8446.162	250.0235	0.7736943	0.5543543	7.882975
4392	-8195.304	-8446.892	251.5877	0.7766458	0.5968459	7.008808
4398	-8197.128	-8448.454	251.3255	0.7250426	0.5968459	7.177637
4404	-8195.406	-8446.251	250.8458	0.7353305	0.5844035	7.439383
4410	-8210.019	-8461.463	251.4446	0.7418921	0.5598812	7.134204
4416	-8219.328	-8472.042	252.7148	0.8124508	0.610926	6.369329
4422	-8207.131	-8459.392	252.2616	0.8208488	0.5242989	6.681218
4428	-8199.017	-8450.453	251.4361	0.7596558	0.6756754	7.040394
4434	-8204.969	-8456.461	251.4919	0.7448531	0.6580715	7.031073
4440	-8211.887	-8463.912	252.0251	0.7289036	0.5715301	6.819043
4446	-8220.432	-8471.869	251.4372	0.7368264	0.5802874	7.12436
4452	-8210.551	-8463.359	252.8079	0.93972	0.5219756	6.322944
4458	-8201.333	-8454.285	252.9517	0.8759672	0.5219756	6.279475
4464	-8206.331	-8458.032	251.7019	0.8065978	0.5703986	6.952319
4470	-8214.212	-8465.12	250.908	0.7896589	0.7156004	7.280063
4476	-8215.743	-8466.682	250.9385	0.7391074	0.6369113	7.347189
4482	-8210.138	-8460.706	250.5685	0.7132423	0.5597227	7.619594
4488	-8214.352	-8465.942	251.5907	0.7284569	0.5719419	7.052994
4494	-8208.712	-8459.986	251.2735	0.6959627	0.548965	7.259814
4500	-8224.21	-8474.822	250.6127	0.8902154	0.637091	7.440741
4506	-8208.355	-8460.237	251.8824	0.8836884	0.5976654	6.791581
4512	-8203.611	-8456.12	252.5093	0.8707957	0.7339531	6.359615
4518	-8203.144	-8455.227	252.0831	0.7788126	0.6114097	6.729125
4524	-8212.3	-8463.983	251.6832	0.7998647	0.544475	6.987407
4530	-8209.611	-8461.028	251.4167	0.8368452	0.6734348	7.010871
4536	-8209.006	-8461.218	252.2118	0.8604268	0.6346521	6.597642
4542	-8208.388	-8459.06	250.6714	0.732738	0.6335515	7.49633
4548	-8201.749	-8452.379	250.6302	0.6944033	0.6019367	7.563027
4554	-8201.681	-8451.916	250.2349	0.7398835	0.584229	7.76402
4560	-8207.605	-8459.12	251.5146	0.7724073	0.613638	7.037404
4566	-8216.722	-8468.217	251.495	0.7801356	0.6013915	7.053295
4572	-8225.02	-8475.366	250.3459	0.6864543	0.6134247	7.710526
4578	-8212.38	-8463.1	250.7201	0.731214	0.5817293	7.51105
4584	-8215.927	-8466.13	250.2029	0.6770836	0.5557	7.837681
4590	-8205.232	-8455.084	249.8518	0.6770355	0.5557	8.025065
4596	-8202.48	-8452.293	249.8136	0.765857	0.5233876	8.025065
4602	-8203.296	-8454.099	250.8025	0.760057	0.6331727	7.411708
4608	-8206.131	-8457.26	251.1293	0.7046827	0.5164259	7.360145
4614	-8214.815	-8466.416	251.6003	0.7326808	0.6319662	6.998688
4620	-8210.622	-8462.581	251.9588	0.7638125	0.5957776	6.816534
4626	-8209.045	-8461.082	252.0369	0.8701335	0.6163067	6.700992
4632	-8204.062	-8456.005	251.9432	0.8816842	0.6163067	6.745356
4638	-8208.331	-8460.666	252.3357	0.7748341	0.5393592	6.653167
4644	-8208.96	-8461.72	252.7606	0.8209595	0.5393592	6.398091
4650	-8212.471	-8464.55	252.0785	0.7913424	0.6051859	6.729668
4656	-8219.292	-8471.292	252	0.8359783	0.6051758	6.74801
4662	-8216.485	-8466.789	250.3044	0.7298545	0.5820662	7.733991
4668	-8202.391	-8452.548	250.157	0.7238269	0.6656524	7.752748
4674	-8213.748	-8464.977	251.2291	0.7770586	0.5579874	7.232662
4680	-8210.051	-8461.54	251.489	0.7770586	0.5756687	7.078534
4686	-8202.423	-8454.054	251.6313	0.7613147	0.602911	6.988835
4692	-8217.312	-8468.53	251.2178	0.8364528	0.7589871	7.059159
4698	-8216.672	-8467.131	250.4588	0.7499869	0.6387411	7.597067
4704	-8213.291	-8464.466	251.175	0.8014859	0.6442834	7.181229
4710	-8224.232	-8475.506	251.2744	0.8228633	0.6276411	7.128762
4716	-8215.475	-8466.879	251.4037	0.8060088	0.5513308	7.128762
4722	-8230.391	-8480.165	249.7737	0.7126356	0.5519324	8.050832
4728	-8222.893	-8474.001	251.108	0.7618142	0.6882519	7.20665
4734	-8222.698	-8473.876	251.1785	0.7673462	0.6504439	7.19313
4740	-8220.812	-8472.513	251.7012	0.8157053	0.6504439	6.88574
4746	-8217.229	-8469.826	252.5969	0.8406453	0.5397113	6.475874
4752	-8225.497	-8477.56	252.0628	0.8433705	0.5459618	6.757993
4758	-8211.107	-8462.545	251.4379	0.822325	0.5534477	7.099826
4764	-8219.951	-8470.435	250.4841	0.775259	0.5534477	7.636712
4770	-8211.627	-8462.527	250.9005	0.77111	0.7095541	7.298222
4776	-8197.091	-8448.225	251.1342	0.8127124	0.5553493	7.266651
4782	-8208.676	-8460.432	251.7557	0.8177823	0.5331423	6.948251
4788	-8227.46	-8478.93	251.4696	0.8177823	0.6373858	7.019152
4794	-8230.142	-8481.503	251.3618	0.7357806	0.5788778	7.166581
4800	-8224.713	-8476.812	252.0985	0.8812537	0.6245469	6.655354
4806	-8223.598	-8473.737	250.1381	0.7482926	0.56909	7.823354
4812	-8221.318	-8472.046	250.7287	0.7327458	0.7075325	7.412384
4818	-8212.43	-8463.317	250.8871	0.7841381	0.5580078	7.412384
4824	-8220.768	-8471.879	251.111	0.7625806	0.5993718	7.270684
4830	-8222.94	-8473.195	250.2554	0.7625806	0.6620611	7.682042
4836	-8224.565	-8474.767	250.2016	0.7612173	0.703664	7.682042
4842	-8217.486	-8467.501	250.0149	0.7635928	0.6561946	7.814265
4848	-8229.35	-8481.018	251.6676	0.7214717	0.5714473	7.015787
4854	-8216.304	-8466.915	250.6109	0.798569	0.6266495	7.498641
4860	-8217.481	-8468.346	250.8655	0.8345279	0.6414883	7.331781
4866	-8212.453	-8462.746	250.2935	0.7185898	0.6833572	7.669938
4872	-8220.984	-8472.112	251.1277	0.7583512	0.584221	7.275929
4878	-8221.561	-8472.302	250.7411	0.7537494	0.5421388	7.52004
4884	-8214.725	-8465.872	251.1475	0.7706666	0.6294577	7.223631
4890	-8213.054	-8463.805	250.751	0.7090935	0.5334433	7.545965
4896	-8214.915	-8465.111	250.1963	0.6881135	0.6166076	7.787202
4902	-8214.578	-8464.777	250.1982	0.7370794	0.5816357	7.787202
4908	-8229.022	-8479.258	250.2356	0.6976059	0.5617231	7.804308
4914	-8224.624	-8476.228	251.6042	0.6867901	0.5637318	7.074826
4920	-8225.476	-8476.515	251.039	0.7265302	0.6983794	7.255571
4926	-8214.652	-8465.636	250.9843	0.7067112	0.6983794	7.295546
4932	-8218.093	-8469.209	251.1154	0.7330407	0.5883298	7.292892
4938	-8213.383	-8464.082	250.6988	0.7726121	0.5876268	7.495608
4944	-8208.799	-8459.52	250.721	0.7506666	0.5874458	7.495608
4950	-8211.852	-8462.579	250.7275	0.7571548	0.6433732	7.445863
4956	-8208.13	-8459.091	250.9605	0.7433249	0.5441827	7.406371
4962	-8206.655	-8457.649	250.9941	0.7568342	0.5843963	7.348342
4968	-8203.196	-8454.413	251.2167	0.7408614	0.5843963	7.237381
4974	-8199.96	-8451.562	251.6016	0.7212224	0.5546652	7.065185
4980	-8201.628	-8452.611	250.9832	0.7198919	0.5582771	7.395069
4986	-8202.563	-8452.928	250.3644	0.6956856	0.5920253	7.712317
4992	-8197.28	-8449.723	252.4429	0.8288831	0.6349546	6.489392
4998	-8199.314	-8450.875	251.5603	0.7893032	0.6411958	6.982805
5004	-8215.222	-8467.281	252.0597	0.8088478	0.6411958	6.702838
5010	-8209.808	-8460.314	250.5062	0.7897684	0.642843	7.547367
5016	-8204.325	-8455.058	250.7335	0.7566429	0.5902566	7.483524
5022	-8211.47	-8463.403	251.9332	0.6933226	0.5802036	6.880746
5028	-8211.7	-8463.63	251.9295	0.7351401	0.5853434	6.856098
5034	-8206.949	-8458.862	251.9124	0.7416821	0.5925181	6.856098
5040	-8212.912	-8463.414	250.5016	0.7416821	0.6180703	7.594173
5046	-8211.502	-8462.562	251.0602	0.7613974	0.5449784	7.342518
5052	-8214.921	-8465.517	250.5964	0.6942581	0.5261985	7.642816
5058	-8217.605	-8468.25	250.6456	0.7560458	0.6235489	7.505175
5064	-8219.053	-8470.174	251.1217	0.7945337	0.5488394	7.28851
5070	-8225.274	-8475.156	249.8822	0.7612767	0.602194	7.92693
5076	-8236.013	-8487.735	251.7213	0.725965	0.5877042	6.971388
5082	-8212.634	-8465.148	252.514	0.8234902	0.5747654	6.500933
5088	-8208.374	-8461.274	252.8999	0.8674904	0.6354447	6.220047
5094	-8210.573	-8463.261	252.6886	0.8596871	0.6354447	6.33911
5100	-8219.517	-8472.486	252.969	0.7845265	0.5506206	6.29523
5106	-8211.327	-8463.912	252.5853	0.7845265	0.5858292	6.474539
5112	-8206.929	-8457.47	250.5414	0.7734243	0.6689438	7.518154
5118	-8208.217	-8458.688	250.4704	0.682471	0.5696197	7.680481
5124	-8211.146	-8461.392	250.246	0.7132715	0.7086831	7.680481
5130	-8203.849	-8454.73	250.8809	0.7160799	0.5866628	7.429066
5136	-8219.77	-8469.878	250.108	0.6731905	0.539301	7.90401
5142	-8214.792	-8464.391	249.5982	0.6506782	0.5529258	8.176524
5148	-8221.669	-8472.227	250.5575	0.6603763	0.6941893	7.55218
5154	-8219.186	-8470.429	251.2425	0.7723922	0.5676723	7.220064
5160	-8225.055	-8477.191	252.136	0.7623899	0.5748228	6.738428
5166	-8216.627	-8468.49	251.8627	0.7534988	0.6163234	6.857978
5172	-8217.568	-8467.971	250.4031	0.7534988	0.5592816	7.686896
5178	-8214.907	-8466.013	251.1052	0.7800032	0.6149575	7.252382
5184	-8216.141	-8467.801	251.6594	0.8382895	0.5238839	6.997032
5190	-8215.491	-8468.221	252.7303	0.8668914	0.5718129	6.362559
5196	-8214.823	-8465.278	250.4553	0.7441876	0.6500537	7.593693
5202	-8204.57	-8454.754	250.1849	0.7507706	0.607548	7.766744
5208	-8192.557	-8443.909	251.3514	0.780243	0.5675481	7.157407
5214	-8195.767	-8447.404	251.6371	0.780243	0.6867664	6.913116
5220	-8198.732	-8450.16	251.4289	0.8112007	0.8054802	6.929049
5226	-8193.139	-8444.556	251.4172	0.8263592	0.685764	7.007445
5232	-8196.453	-8447.865	251.4121	0.8595005	0.6647575	7.007445
5238	-8198.044	-8449.617	251.5723	0.78015	0.6067951	7.007445
5244	-8205.436	-8457.165	251.7294	0.7825469	0.5400081	6.975606
5250	-8202.804	-8454.359	251.5551	0.7197134	0.5652068	7.082339
5256	-8210.911	-8461.215	250.304	0.7824507	0.6898735	7.625538
5262	-8202.429	-8453.852	251.423	0.7863026	0.5546239	7.126257
5268	-8212.518	-8464.449	251.9312	0.7987191	0.6385187	6.779717
5274	-8214.138	-8465.865	251.7275	0.835583	0.5144744	6.969972
5280	-8205.183	-8456.499	251.3159	0.874587	0.5326424	7.154778
5286	-8206.512	-8459.219	252.7071	0.8452043	0.6292847	6.341608
5292	-8212.272	-8463.996	251.7231	0.7554826	0.6292847	6.922269
5298	-8212.494	-8463.467	250.9731	0.8230596	0.5590824	7.344506
5304	-8210.617	-8462.226	251.6096	0.7914106	0.578572	7.003612
5310	-8224.353	-8476.109	251.7558	0.7902833	0.5670145	6.934799
5316	-8210.406	-8462.064	251.658	0.7902833	0.7301291	6.866236
5322	-8223.36	-8474.847	251.4872	0.8060924	0.7410185	6.94241
5328	-8210.139	-8461.5	251.3615	0.7477976	0.621573	7.126923
5334	-8208.476	-8459.741	251.2654	0.7503107	0.6443798	7.160053
5340	-8208.434	-8459.363	250.9283	0.8453654	0.5743758	7.344161
5346	-8201.73	-8454.15	252.42	0.7892559	0.6087031	6.543415
5352	-8208.131	-8460.035	251.9041	0.7800103	0.5872672	6.844071
5358	-8220.413	-8472.152	251.7398	0.7717068	0.7128073	6.844071
5364	-8212.01	-8462.297	250.287	0.7061211	0.6314634	7.717858
5370	-8212.118	-8462.727	250.6093	0.7061211	0.5439277	7.614639
5376	-8219.299	-8469.771	250.4729	0.7102223	0.5439277	7.685401
5382	-8218.14	-8470.336	252.1953	0.7814613	0.4602087	6.796187
5388	-8214.783	-8465.793	251.0107	0.7831355	0.4950102	7.400557
5394	-8218.067	-8468.589	250.5228	0.7658795	0.6640709	7.535718
5400	-8212.132	-8464.211	252.0788	0.8121647	0.7257935	6.630137
5406	-8215.931	-8468.28	252.3482	0.8219492	0.5285517	6.630137
5412	-8221.323	-8472.8	251.4778	0.7627877	0.7359681	6.974255
5418	-8216.406	-8467.007	250.6011	0.7546865	0.7072799	7.469149
5424	-8207.756	-8458.68	250.9233	0.6967221	0.5945958	7.410463
5430	-8204.529	-8455.247	250.7184	0.8234321	0.6498163	7.410463
5436	-8193.491	-8446.149	252.6581	0.8454903	0.6493096	6.352923
5442	-8186.541	-8438.436	251.8947	0.8258837	0.5063876	6.892217
5448	-8190.601	-8442.352	251.7516	0.8290069	0.5969522	6.892217
5454	-8197.868	-8449.678	251.81	0.8916287	0.5969522	6.826953
5460	-8193.93	-8446.975	253.0447	0.867299	0.5833871	6.182141
5466	-8200.709	-8452.011	251.3022	0.7951312	0.614861	7.138496
5472	-8202.667	-8454.97	252.3026	0.7462744	0.5656519	6.664547
5478	-8205.394	-8456.491	251.0972	0.8180293	0.5656519	7.275216
5484	-8197.517	-8447.097	249.5794	0.7086127	0.5656519	8.145325
5490	-8205.881	-8455.478	249.5971	0.685364	0.5947343	8.125223
5496	-8226.596	-8478.495	251.8995	0.8476997	0.5174853	6.86809
5502	-8218.285	-8469.648	251.3632	0.7798984	0.544405	7.170346
5508	-8223.422	-8474.632	251.21	0.8314273	0.6125293	7.170346
5514	-8208.606	-8460.481	251.8752	0.8442978	0.5566792	6.849818
5520	-8203.301	-8454.739	251.4374	0.7882666	0.6944334	7.010896
5526	-8195.277	-8446.074	250.7972	0.7169156	0.5964133	7.465851
5532	-8207.283	-8458.04	250.7563	0.7439711	0.6058876	7.465851
5538	-8212.201	-8464.024	251.8235	0.8050562	0.5654611	6.891625
5544	-8201.018	-8452.369	251.3516	0.8231397	0.7226617	7.018711
5550	-8205.3	-8456.771	251.4703	0.7923486	0.5749077	7.081015
5556	-8210.105	-8461.674	251.5692	0.749345	0.6147954	7.019506
5562	-8219.302	-8470.245	250.9426	0.797728	0.4974848	7.427004
5568	-8220.083	-8470.869	250.7863	0.797728	0.5205536	7.490593
5574	-8213.047	-8464.354	251.3066	0.8244055	0.6352662	7.104853
5580	-8214.042	-8465.188	251.1455	0.7353842	0.5660424	7.293351
5586	-8209.03	-8459.79	250.76	0.7774021	0.525521	7.511324
5592	-8203.67	-8454.546	250.8766	0.7237293	0.6580921	7.372994
5598	-8215.746	-8466.585	250.8399	0.8099123	0.6224911	7.372994
5604	-8220.078	-8472.116	252.0381	0.8281202	0.6415415	6.703872
5610	-8215.32	-8467.255	251.9351	0.7776092	0.4693	6.930059
5616	-8204.294	-8455.534	251.2402	0.7971355	0.566988	7.208564
5622	-8194.027	-8444.964	250.9365	0.7504951	0.5335984	7.424283
5628	-8194.589	-8446.151	251.5617	0.7279872	0.5969794	7.048872
5634	-8202.682	-8454.136	251.4543	0.7868225	0.6309349	7.048872
5640	-8198.142	-8449.793	251.6502	0.7623763	0.613886	6.969575
5646	-8200.544	-8451.295	250.7507	0.7641411	0.6334773	7.437064
5652	-8198.962	-8449.854	250.8915	0.7362138	0.5563567	7.437064
5658	-8209.89	-8460.72	250.8295	0.8623355	0.5156863	7.437064
5664	-8226.66	-8477.431	250.7708	0.7318616	0.7799112	7.341917
5670	-8223.129	-8474.152	251.0227	0.7746829	0.6104798	7.303012
5676	-8221.386	-8471.867	250.4811	0.7166473	0.6104798	7.624355
5682	-8210.708	-8460.833	250.1249	0.7493074	0.5798272	7.821251
5688	-8205.138	-8456.492	251.3539	0.7493074	0.6604164	7.101193
5694	-8207.387	-8457.581	250.1941	0.7045043	0.5393946	7.841231
5700	-8214.423	-8465.265	250.8423	0.774366	0.5924399	7.413975
5706	-8215.773	-8466.619	250.8462	0.7559683	0.6023565	7.413975
5712	-8213.435	-8465.379	251.9443	0.8374386	0.6166337	6.768407
5718	-8205.887	-8456.493	250.6058	0.8162433	0.5753402	7.531863
5724	-8208.871	-8460.984	252.113	0.8198324	0.5753402	6.719387
5730	-8201.007	-8453.884	252.8771	0.8882718	0.6100488	6.240699
5736	-8204.683	-8456.15	251.4666	0.8509024	0.5678628	7.057213
5742	-8210.498	-8460.862	250.3639	0.7379657	0.6595926	7.638957
5748	-8198.774	-8450.838	252.0644	0.8007826	0.611387	6.727407
5754	-8203.846	-8455.722	251.8753	0.8098077	0.611387	6.824585
5760	-8210.748	-8461.911	251.1637	0.7297467	0.516159	7.328503
5766	-8199.051	-8451.043	251.9917	0.7734567	0.5846852	6.802403
5772	-8200.905	-8451.764	250.8593	0.6565481	0.7200693	7.374559
5778	-8204.309	-8456.186	251.8767	0.7302273	0.6269672	6.854806
5784	-8194.328	-8446.114	251.7861	0.8263859	0.6230713	6.854806
5790	-8204.908	-8456.99	252.0822	0.856448	0.6230713	6.678722
5796	-8202.624	-8455.281	252.6574	0.847254	0.583328	6.403457
5802	-8198.079	-8449.131	251.0521	0.8359292	0.6721332	7.208418
5808	-8187.741	-8440.102	252.3609	0.7672872	0.552531	6.632517
5814	-8201.982	-8454.274	252.2919	0.7736553	0.5514354	6.667293
5820	-8210.274	-8460.913	250.6392	0.7234259	0.6091571	7.537064
5826	-8205.141	-8456.031	250.89	0.7445009	0.5338504	7.452219
5832	-8213.073	-8464.316	251.2429	0.7582726	0.4975922	7.287009
5838	-8214.649	-8466.001	251.3513	0.81645	0.5672349	7.138274
5844	-8212.815	-8463.626	250.8112	0.7434649	0.603841	7.438313
5850	-8205.516	-8456.454	250.9382	0.7035939	0.614705	7.38319
5856	-8219.621	-8469.875	250.2534	0.6999799	0.6100754	7.755312
5862	-8215.031	-8465.284	250.2532	0.7038428	0.658235	7.717397
5868	-8212.068	-8463.773	251.7051	0.7685777	0.636667	6.919354
5874	-8225.609	-8477.517	251.9085	0.8164379	0.7077344	6.732372
5880	-8222.73	-8474.284	251.5539	0.8164379	0.6522781	6.963407
5886	-8227.114	-8478.472	251.3584	0.7469544	0.6522781	7.106041
5892	-8217.545	-8468.557	251.0127	0.771211	0.627658	7.297094
5898	-8214.728	-8466.445	251.717	0.835745	0.6571632	6.861471
5904	-8205.478	-8458.311	252.8328	0.8520719	0.6034212	6.289655
5910	-8204.625	-8457.868	253.2429	0.9294448	0.5933872	6.032314
5916	-8222.14	-8476.921	254.7814	0.9922818	0.5996747	5.147808
5922	-8203.411	-8456.784	253.373	0.8799842	0.6107203	5.974626
5928	-8202.196	-8453.686	251.4907	0.7296969	0.6248509	7.064666
5934	-8193.79	-8445.089	251.2993	0.8061505	0.5852139	7.157309
5940	-8198.346	-8449.532	251.187	0.7517265	0.5327773	7.289956
5946	-8203.495	-8454.831	251.3359	0.7751139	0.5765177	7.161266
5952	-8209.286	-8461.031	251.7442	0.8130853	0.6475413	6.866145
5958	-8219.61	-8470.037	250.4261	0.7502712	0.5991502	7.644517
5964	-8202.745	-8454.245	251.4998	0.7650017	0.5991502	7.060574
5970	-8202.652	-8454.757	252.105	0.7650017	0.5710133	6.756842
5976	-8201.767	-8454.807	253.0405	0.7650017	0.5531883	6.264824
5982	-8200.603	-8453.015	252.4118	0.7594351	0.5706343	6.594307
5988	-8204.831	-8456.278	251.447	0.7802413	0.6142537	7.069071
5994	-8204.789	-8456.189	251.4003	0.7298347	0.651015	7.093646
6000	-8208.097	-8459.168	251.0706	0.7878396	0.6312557	7.254392
6006	-8191.932	-8443.632	251.7001	0.7878396	0.6057826	6.935238
6012	-8202.734	-8453.334	250.6004	0.7657136	0.7070712	7.46378
6018	-8204.6	-8456.316	251.7153	0.8071681	0.5985179	6.922304
6024	-8219.704	-8471.594	251.8897	0.8814128	0.6248689	6.767822
6030	-8214.56	-8466.862	252.3017	0.8281325	0.6497749	6.555139
6036	-8222.018	-8473.186	251.1676	0.8280546	0.5343598	7.258018
6042	-8210.137	-8462.725	252.5881	0.9608721	0.5800571	6.382052
6048	-8202.89	-8455.437	252.5468	0.8825967	0.6340011	6.404707
6054	-8206.191	-8458.721	252.53	0.845859	0.6713372	6.406028
6060	-8209.797	-8461.154	251.3567	0.8357287	0.5999853	7.098873
6066	-8211.559	-8461.599	250.0397	0.7069021	0.6006345	7.873067
6072	-8214.774	-8467.274	252.5008	0.8368101	0.6843043	6.417397
6078	-8213.3	-8465.672	252.3722	0.8055242	0.562542	6.59743
6084	-8209.542	-8461.528	251.986	0.7342571	0.5321009	6.870041
6090	-8212.663	-8465.019	252.3563	0.8161459	0.6448108	6.53578
6096	-8223.089	-8473.892	250.803	0.8167193	0.6051431	7.40242
6102	-8203.532	-8454.476	250.9439	0.7416436	0.5292616	7.428745
6108	-8199.804	-8450.818	251.0142	0.8050068	0.6547821	7.257974
6114	-8196.536	-8448.038	251.5012	0.7841366	0.5897831	7.056922
6120	-8194.483	-8445.235	250.7521	0.7567678	0.669068	7.414112
6126	-8200.217	-8451.659	251.4428	0.7321032	0.5492857	7.149193
6132	-8205.446	-8456.55	251.1036	0.7757055	0.5492857	7.307984
6138	-8202.41	-8454.385	251.9753	0.781392	0.5967536	6.79742
6144	-8204.378	-8455.789	251.4109	0.781392	0.5683231	7.124177
6150	-8198.044	-8449.004	250.9607	0.7565496	0.6162257	7.341563
6156	-8199.651	-8450.535	250.8835	0.7276351	0.5484107	7.452502
6162	-8208.49	-8459.317	250.8262	0.7151097	0.5948064	7.452502
6168	-8196.449	-8446.481	250.0321	0.7298094	0.5389832	7.914583
6174	-8195.287	-8445.476	250.189	0.656678	0.6383764	7.791482
6180	-8201.987	-8452.306	250.3187	0.6889939	0.5293127	7.791482
6186	-8213.404	-8463.517	250.113	0.7614426	0.6179424	7.791482
6192	-8225.818	-8476.011	250.1935	0.679139	0.619255	7.791482
6198	-8219.09	-8468.784	249.6939	0.6738852	0.6324403	8.050984
6204	-8216.052	-8467.816	251.7642	0.7501836	0.6631129	6.877828
6210	-8213.169	-8464.524	251.355	0.7348203	0.5539589	7.191059
6216	-8208.141	-8459.057	250.9157	0.7348203	0.680935	7.329643
6222	-8212.194	-8462.666	250.4719	0.7619558	0.6992705	7.540046
6228	-8210.952	-8462.989	252.037	0.7881791	0.7096902	6.676848
6234	-8204.786	-8455.645	250.8587	0.7325351	0.556251	7.456699
6240	-8218.114	-8469.23	251.1154	0.8152922	0.6661873	7.18974
6246	-8217.295	-8469.037	251.7419	0.8580864	0.555834	6.914932
6252	-8209.14	-8461.107	251.9665	0.7790161	0.5327317	6.855891
6258	-8208.234	-8458.767	250.5327	0.7304312	0.5405512	7.645408
6264	-8218.381	-8469.973	251.5928	0.8324679	0.632957	6.948222
6270	-8222.073	-8472.325	250.2517	0.7511322	0.6322335	7.712106
6276	-8228.678	-8480.027	251.3495	0.7791079	0.8031647	6.990572
6282	-8216.095	-8467.004	250.9089	0.7844944	0.7212071	7.278506
6288	-8215.457	-8466.661	251.2034	0.800454	0.7561283	7.088168
6294	-8200.46	-8450.399	249.9392	0.7170121	0.6859931	7.858224
6300	-8201.826	-8453.428	251.6018	0.7634461	0.5698493	7.029882
6306	-8213.573	-8465.44	251.867	0.8312443	0.5821614	6.840538
6312	-8211.81	-8462.965	251.1552	0.7457734	0.5898226	7.263493
6318	-8216.501	-8465.855	249.3547	0.7179298	0.5546993	8.268911
6324	-8207.469	-8458.495	251.0266	0.7560432	0.5546993	7.355344
6330	-8206.828	-8457.665	250.8372	0.8016396	0.625126	7.376871
6336	-8205.493	-8457.818	252.3249	0.8427005	0.625126	6.553302
6342	-8213.286	-8463.855	250.5693	0.7230458	0.6144795	7.570627
6348	-8209.332	-8460.331	250.9992	0.8037445	0.7278464	7.215166
6354	-8213.586	-8465.354	251.7683	0.8161391	0.6067536	6.882501
6360	-8207.769	-8460.057	252.2879	0.8143869	0.6606143	6.562059
6366	-8215.632	-8467.285	251.6526	0.7624725	0.6110383	6.970429
6372	-8213.998	-8465.2	251.2016	0.7624725	0.6482467	7.184982
6378	-8208.598	-8457.456	248.8582	0.6720189	0.6306515	8.49802
6384	-8203.005	-8452.977	249.9728	0.6234228	0.543934	7.998822
6390	-8207.252	-8457.566	250.3137	0.7406819	0.5685907	7.733975
6396	-8211.928	-8463.138	251.2099	0.7698169	0.5750183	7.232996
6402	-8208.011	-8458.717	250.7061	0.8133188	0.6078652	7.454099
6408	-8203.815	-8456.116	252.301	0.8143915	0.583651	6.614012
6414	-8206.439	-8458.638	252.1984	0.7467751	0.6022728	6.691273
6420	-8197.223	-8448.943	251.7197	0.7623263	0.5946396	6.947196
6426	-8203.164	-8454.106	250.9418	0.7927576	0.6019058	7.343338
6432	-8206.703	-8458.312	251.6085	0.7476411	0.5645337	7.039094
6438	-8205.743	-8456.5	250.7563	0.8046234	0.5258402	7.498465
6444	-8217.989	-8468.657	250.6674	0.8322736	0.5556759	7.50623
6450	-8200.74	-8451.973	251.2324	0.7994813	0.5957488	7.188487
6456	-8201.869	-8453.349	251.4806	0.7833998	0.5957488	7.063681
6462	-8207.506	-8458.937	251.4317	0.7828663	0.632537	7.061967
6468	-8215.655	-8465.94	250.2847	0.7984231	0.5930018	7.699235
6474	-8224.394	-8474.856	250.4622	0.7210625	0.5274283	7.699235
6480	-8231.616	-8482.043	250.4271	0.8102164	0.5606945	7.642552
6486	-8231.909	-8485.039	253.1295	0.8887543	0.5986718	6.112076
6492	-8222.997	-8473.68	250.6828	0.7620642	0.6199379	7.484768
6498	-8226.416	-8476.284	249.8673	0.7620642	0.6199379	7.920861
6504	-8219.722	-8470.6	250.8775	0.8031781	0.5398	7.422457
6510	-8218.377	-8469.563	251.1863	0.7584242	0.6136133	7.221482
6516	-8208.993	-8460.852	251.8593	0.8319335	0.6391633	6.800107
6522	-8211.416	-8462.687	251.2712	0.784097	0.6273799	7.151553
6528	-8216.486	-8467.88	251.3939	0.8298107	0.5156473	7.151553
6534	-8211.457	-8461.438	249.9812	0.7419901	0.6593749	7.841511
6540	-8221.424	-8471.887	250.4631	0.7358558	0.6306122	7.608394
6546	-8218.727	-8469.684	250.9577	0.7305425	0.6552273	7.327928
6552	-8216.995	-8468.403	251.4076	0.825153	0.6058493	7.072615
6558	-8225.042	-8475.594	250.5517	0.7490434	0.5766528	7.595722
6564	-8214.179	-8464.711	250.5315	0.7692841	0.5766528	7.595722
6570	-8222.319	-8473.607	251.2885	0.8005314	0.7216835	7.065509
6576	-8224.611	-8476.948	252.3363	0.863437	0.545178	6.600004
6582	-8214.235	-8465.897	251.6618	0.8454965	0.5905651	6.936756
6588	-8209.469	-8460.98	251.5112	0.788476	0.6324957	7.016201
6594	-8214.145	-8466.038	251.8935	0.8240677	0.6891746	6.749409
6600	-8213.808	-8466.303	252.4951	0.8977385	0.6379824	6.421495
6606	-8219.604	-8471.311	251.7072	0.8074966	0.5890279	6.93399
6612	-8215.058	-8466.329	251.2707	0.8061923	0.6484421	7.124176
6618	-8218.589	-8470.029	251.4391	0.8314736	0.5181455	7.124176
6624	-8212.677	-8464.87	252.1937	0.7599632	0.6438461	6.654903
6630	-8206.879	-8458.157	251.2785	0.7755485	0.6191672	7.158459
6636	-8204.764	-8455.474	250.71	0.7455116	0.6077756	7.488403
6642	-8204.612	-8454.923	250.3109	0.766432	0.6077756	7.690832
6648	-8213.927	-8463.819	249.892	0.763076	0.6007029	7.921886
6654	-8228.677	-8478.265	249.5883	0.709088	0.5518607	8.151573
6660	-8220.38	-8471.038	250.6579	0.7416086	0.6691865	7.472633
6666	-8208.411	-8459.638	251.2269	0.7416086	0.5363793	7.270878
6672	-8205.311	-8456.034	250.7234	0.7032322	0.6013674	7.508837
6678	-8197.03	-8448.676	251.6461	0.7213501	0.5800094	7.020489
6684	-8199.39	-8450.428	251.038	0.7773621	0.5597694	7.333638
6690	-8204.578	-8455.68	251.1023	0.8031845	0.524727	7.314644
6696	-8197.374	-8448.883	251.5092	0.8031845	0.6097168	7.026759
6702	-8194.842	-8445.864	251.0219	0.7408481	0.6137155	7.319101
6708	-8199.386	-8450.881	251.4948	0.76247	0.6377891	7.035042
6714	-8206.844	-8457.631	250.7872	0.7246323	0.6034389	7.461563
6720	-8204.528	-8454.846	250.3183	0.7243086	0.5933142	7.720621
6726	-8203.672	-8455.543	251.8715	0.7243086	0.5425938	6.928239
6732	-8200.525	-8451.8	251.2747	0.7485271	0.6226469	7.172383
6738	-8200.833	-8453.064	252.2316	0.7734005	0.6130359	6.650549
6744	-8200.154	-8452.484	252.3303	0.8392098	0.5055498	6.650549
6750	-8201.645	-8454.377	252.7317	0.9297355	0.611335	6.296189
6756	-8194.115	-8446.96	252.8452	0.816199	0.611335	6.296189
6762	-8199.018	-8450.461	251.443	0.8455212	0.611335	7.038359
6768	-8193.943	-8446.065	252.122	0.8293087	0.6555448	6.64749
6774	-8206.466	-8457.843	251.3768	0.7849691	0.5437439	7.160888
6780	-8206.413	-8458.174	251.7603	0.7586971	0.5358576	6.975297
6786	-8204.539	-8455.301	250.7623	0.7286949	0.4858224	7.571078
6792	-8202.637	-8453.959	251.3227	0.7755752	0.6231044	7.131668
6798	-8203.977	-8455.338	251.3605	0.7726346	0.5988099	7.131668
6804	-8206.238	-8457.689	251.4509	0.7726346	0.6465016	7.04669
6810	-8211.092	-8461.516	250.4242	0.6974017	0.5532407	7.710583
6816	-8205.673	-8456.315	250.6426	0.7713949	0.5109235	7.589999
6822	-8203.125	-8453.654	250.5288	0.7193336	0.6755237	7.549155
6828	-8201.043	-8451.917	250.8738	0.7396991	0.6069624	7.404357
6834	-8200.758	-8453.365	252.6068	0.7887015	0.5529544	6.487513
6840	-8199.86	-8451.68	251.82	0.8430509	0.6529743	6.805058
6846	-8204.959	-8456.865	251.906	0.8477395	0.5890818	6.805058
6852	-8205.01	-8457.554	252.5447	0.9004439	0.6244298	6.403431
6858	-8206.627	-8459.433	252.8054	0.8218649	0.5309104	6.380524
6864	-8212.528	-8465.421	252.8928	0.8929363	0.6534704	6.196547
6870	-8213.912	-8465.688	251.7762	0.8490119	0.5771488	6.883919
6876	-8210.074	-8460.544	250.4698	0.7577515	0.6488372	7.579553
6882	-8215.551	-8466.24	250.6891	0.690628	0.54471	7.579553
6888	-8205.49	-8457.332	251.8428	0.7264283	0.5436492	6.941676
6894	-8200.097	-8449.626	249.5282	0.6492194	0.6333516	8.151743
6900	-8199.879	-8450.759	250.8803	0.7679727	0.5569639	7.425553
